2025-04-09 14:21:24,746 [Worker-8: Loading available Gradle versions] INFO  o.e.b.c.i.u.g.PublishedGradleVersions - Gradle version information cache is out-of-date. Trying to update.
2025-04-09 14:31:10,284 [ModalContext] INFO  o.e.m.c.i.e.AbstractTransferListenerAdapter - Downloading https://repo.maven.apache.org/maven2/com/haoxuer/maven/archetype/maven-archetype-quickstart/1.01/maven-archetype-quickstart-1.01.pom
2025-04-09 14:31:10,331 [ModalContext] INFO  o.e.m.c.i.e.AbstractTransferListenerAdapter - Downloaded https://repo.maven.apache.org/maven2/com/haoxuer/maven/archetype/maven-archetype-quickstart/1.01/maven-archetype-quickstart-1.01.pom
2025-04-09 14:31:10,611 [ModalContext] INFO  o.e.m.c.i.e.AbstractTransferListenerAdapter - Downloaded https://repo.maven.apache.org/maven2/com/haoxuer/maven/archetype/maven-archetype-bundles/1.01/maven-archetype-bundles-1.01.pom
2025-04-09 14:31:56,197 [Worker-9: Launching mavenrun-846de28c-d49f-479a-a5c8-f5c0d2a4cee5] INFO  o.eclipse.m2e.core.internal.Bundles - getClasspathEntries(Bundle=org.eclipse.m2e.maven.runtime_3.9.600.20231203-1234 [300])
2025-04-09 14:31:56,202 [Worker-9: Launching mavenrun-846de28c-d49f-479a-a5c8-f5c0d2a4cee5] INFO  o.eclipse.m2e.core.internal.Bundles - 	Entry: C:\Automation\eclipse\plugins\org.eclipse.m2e.maven.runtime_3.9.600.20231203-1234
2025-04-09 14:31:56,203 [Worker-9: Launching mavenrun-846de28c-d49f-479a-a5c8-f5c0d2a4cee5] INFO  o.eclipse.m2e.core.internal.Bundles - 	Entry: C:\Automation\eclipse\plugins\org.eclipse.m2e.maven.runtime_3.9.600.20231203-1234\jars\aopalliance-1.0.jar
2025-04-09 14:31:56,203 [Worker-9: Launching mavenrun-846de28c-d49f-479a-a5c8-f5c0d2a4cee5] INFO  o.eclipse.m2e.core.internal.Bundles - 	Entry: C:\Automation\eclipse\plugins\org.eclipse.m2e.maven.runtime_3.9.600.20231203-1234\jars\guice-5.1.0.jar
2025-04-09 14:31:56,203 [Worker-9: Launching mavenrun-846de28c-d49f-479a-a5c8-f5c0d2a4cee5] INFO  o.eclipse.m2e.core.internal.Bundles - 	Entry: C:\Automation\eclipse\plugins\org.eclipse.m2e.maven.runtime_3.9.600.20231203-1234\jars\httpclient-4.5.14.jar
2025-04-09 14:31:56,204 [Worker-9: Launching mavenrun-846de28c-d49f-479a-a5c8-f5c0d2a4cee5] INFO  o.eclipse.m2e.core.internal.Bundles - 	Entry: C:\Automation\eclipse\plugins\org.eclipse.m2e.maven.runtime_3.9.600.20231203-1234\jars\httpcore-4.4.16.jar
2025-04-09 14:31:56,204 [Worker-9: Launching mavenrun-846de28c-d49f-479a-a5c8-f5c0d2a4cee5] INFO  o.eclipse.m2e.core.internal.Bundles - 	Entry: C:\Automation\eclipse\plugins\org.eclipse.m2e.maven.runtime_3.9.600.20231203-1234\jars\jansi-2.4.0.jar
2025-04-09 14:31:56,205 [Worker-9: Launching mavenrun-846de28c-d49f-479a-a5c8-f5c0d2a4cee5] INFO  o.eclipse.m2e.core.internal.Bundles - 	Entry: C:\Automation\eclipse\plugins\org.eclipse.m2e.maven.runtime_3.9.600.20231203-1234\jars\jcl-over-slf4j-1.7.36.jar
2025-04-09 14:31:56,205 [Worker-9: Launching mavenrun-846de28c-d49f-479a-a5c8-f5c0d2a4cee5] INFO  o.eclipse.m2e.core.internal.Bundles - 	Entry: C:\Automation\eclipse\plugins\org.eclipse.m2e.maven.runtime_3.9.600.20231203-1234\jars\maven-artifact-3.9.6.jar
2025-04-09 14:31:56,205 [Worker-9: Launching mavenrun-846de28c-d49f-479a-a5c8-f5c0d2a4cee5] INFO  o.eclipse.m2e.core.internal.Bundles - 	Entry: C:\Automation\eclipse\plugins\org.eclipse.m2e.maven.runtime_3.9.600.20231203-1234\jars\maven-builder-support-3.9.6.jar
2025-04-09 14:31:56,205 [Worker-9: Launching mavenrun-846de28c-d49f-479a-a5c8-f5c0d2a4cee5] INFO  o.eclipse.m2e.core.internal.Bundles - 	Entry: C:\Automation\eclipse\plugins\org.eclipse.m2e.maven.runtime_3.9.600.20231203-1234\jars\maven-compat-3.9.6.jar
2025-04-09 14:31:56,205 [Worker-9: Launching mavenrun-846de28c-d49f-479a-a5c8-f5c0d2a4cee5] INFO  o.eclipse.m2e.core.internal.Bundles - 	Entry: C:\Automation\eclipse\plugins\org.eclipse.m2e.maven.runtime_3.9.600.20231203-1234\jars\maven-core-3.9.6.jar
2025-04-09 14:31:56,206 [Worker-9: Launching mavenrun-846de28c-d49f-479a-a5c8-f5c0d2a4cee5] INFO  o.eclipse.m2e.core.internal.Bundles - 	Entry: C:\Automation\eclipse\plugins\org.eclipse.m2e.maven.runtime_3.9.600.20231203-1234\jars\maven-embedder-3.9.6.jar
2025-04-09 14:31:56,206 [Worker-9: Launching mavenrun-846de28c-d49f-479a-a5c8-f5c0d2a4cee5] INFO  o.eclipse.m2e.core.internal.Bundles - 	Entry: C:\Automation\eclipse\plugins\org.eclipse.m2e.maven.runtime_3.9.600.20231203-1234\jars\maven-model-3.9.6.jar
2025-04-09 14:31:56,206 [Worker-9: Launching mavenrun-846de28c-d49f-479a-a5c8-f5c0d2a4cee5] INFO  o.eclipse.m2e.core.internal.Bundles - 	Entry: C:\Automation\eclipse\plugins\org.eclipse.m2e.maven.runtime_3.9.600.20231203-1234\jars\maven-model-builder-3.9.6.jar
2025-04-09 14:31:56,206 [Worker-9: Launching mavenrun-846de28c-d49f-479a-a5c8-f5c0d2a4cee5] INFO  o.eclipse.m2e.core.internal.Bundles - 	Entry: C:\Automation\eclipse\plugins\org.eclipse.m2e.maven.runtime_3.9.600.20231203-1234\jars\maven-plugin-api-3.9.6.jar
2025-04-09 14:31:56,207 [Worker-9: Launching mavenrun-846de28c-d49f-479a-a5c8-f5c0d2a4cee5] INFO  o.eclipse.m2e.core.internal.Bundles - 	Entry: C:\Automation\eclipse\plugins\org.eclipse.m2e.maven.runtime_3.9.600.20231203-1234\jars\maven-repository-metadata-3.9.6.jar
2025-04-09 14:31:56,207 [Worker-9: Launching mavenrun-846de28c-d49f-479a-a5c8-f5c0d2a4cee5] INFO  o.eclipse.m2e.core.internal.Bundles - 	Entry: C:\Automation\eclipse\plugins\org.eclipse.m2e.maven.runtime_3.9.600.20231203-1234\jars\maven-resolver-api-1.9.18.jar
2025-04-09 14:31:56,207 [Worker-9: Launching mavenrun-846de28c-d49f-479a-a5c8-f5c0d2a4cee5] INFO  o.eclipse.m2e.core.internal.Bundles - 	Entry: C:\Automation\eclipse\plugins\org.eclipse.m2e.maven.runtime_3.9.600.20231203-1234\jars\maven-resolver-connector-basic-1.9.18.jar
2025-04-09 14:31:56,207 [Worker-9: Launching mavenrun-846de28c-d49f-479a-a5c8-f5c0d2a4cee5] INFO  o.eclipse.m2e.core.internal.Bundles - 	Entry: C:\Automation\eclipse\plugins\org.eclipse.m2e.maven.runtime_3.9.600.20231203-1234\jars\maven-resolver-impl-1.9.18.jar
2025-04-09 14:31:56,208 [Worker-9: Launching mavenrun-846de28c-d49f-479a-a5c8-f5c0d2a4cee5] INFO  o.eclipse.m2e.core.internal.Bundles - 	Entry: C:\Automation\eclipse\plugins\org.eclipse.m2e.maven.runtime_3.9.600.20231203-1234\jars\maven-resolver-named-locks-1.9.18.jar
2025-04-09 14:31:56,208 [Worker-9: Launching mavenrun-846de28c-d49f-479a-a5c8-f5c0d2a4cee5] INFO  o.eclipse.m2e.core.internal.Bundles - 	Entry: C:\Automation\eclipse\plugins\org.eclipse.m2e.maven.runtime_3.9.600.20231203-1234\jars\maven-resolver-provider-3.9.6.jar
2025-04-09 14:31:56,208 [Worker-9: Launching mavenrun-846de28c-d49f-479a-a5c8-f5c0d2a4cee5] INFO  o.eclipse.m2e.core.internal.Bundles - 	Entry: C:\Automation\eclipse\plugins\org.eclipse.m2e.maven.runtime_3.9.600.20231203-1234\jars\maven-resolver-spi-1.9.18.jar
2025-04-09 14:31:56,208 [Worker-9: Launching mavenrun-846de28c-d49f-479a-a5c8-f5c0d2a4cee5] INFO  o.eclipse.m2e.core.internal.Bundles - 	Entry: C:\Automation\eclipse\plugins\org.eclipse.m2e.maven.runtime_3.9.600.20231203-1234\jars\maven-resolver-transport-file-1.9.18.jar
2025-04-09 14:31:56,209 [Worker-9: Launching mavenrun-846de28c-d49f-479a-a5c8-f5c0d2a4cee5] INFO  o.eclipse.m2e.core.internal.Bundles - 	Entry: C:\Automation\eclipse\plugins\org.eclipse.m2e.maven.runtime_3.9.600.20231203-1234\jars\maven-resolver-transport-http-1.9.18.jar
2025-04-09 14:31:56,209 [Worker-9: Launching mavenrun-846de28c-d49f-479a-a5c8-f5c0d2a4cee5] INFO  o.eclipse.m2e.core.internal.Bundles - 	Entry: C:\Automation\eclipse\plugins\org.eclipse.m2e.maven.runtime_3.9.600.20231203-1234\jars\maven-resolver-transport-wagon-1.9.18.jar
2025-04-09 14:31:56,209 [Worker-9: Launching mavenrun-846de28c-d49f-479a-a5c8-f5c0d2a4cee5] INFO  o.eclipse.m2e.core.internal.Bundles - 	Entry: C:\Automation\eclipse\plugins\org.eclipse.m2e.maven.runtime_3.9.600.20231203-1234\jars\maven-resolver-util-1.9.18.jar
2025-04-09 14:31:56,209 [Worker-9: Launching mavenrun-846de28c-d49f-479a-a5c8-f5c0d2a4cee5] INFO  o.eclipse.m2e.core.internal.Bundles - 	Entry: C:\Automation\eclipse\plugins\org.eclipse.m2e.maven.runtime_3.9.600.20231203-1234\jars\maven-settings-3.9.6.jar
2025-04-09 14:31:56,210 [Worker-9: Launching mavenrun-846de28c-d49f-479a-a5c8-f5c0d2a4cee5] INFO  o.eclipse.m2e.core.internal.Bundles - 	Entry: C:\Automation\eclipse\plugins\org.eclipse.m2e.maven.runtime_3.9.600.20231203-1234\jars\maven-settings-builder-3.9.6.jar
2025-04-09 14:31:56,210 [Worker-9: Launching mavenrun-846de28c-d49f-479a-a5c8-f5c0d2a4cee5] INFO  o.eclipse.m2e.core.internal.Bundles - 	Entry: C:\Automation\eclipse\plugins\org.eclipse.m2e.maven.runtime_3.9.600.20231203-1234\jars\maven-shared-utils-3.3.4.jar
2025-04-09 14:31:56,210 [Worker-9: Launching mavenrun-846de28c-d49f-479a-a5c8-f5c0d2a4cee5] INFO  o.eclipse.m2e.core.internal.Bundles - 	Entry: C:\Automation\eclipse\plugins\org.eclipse.m2e.maven.runtime_3.9.600.20231203-1234\jars\org.eclipse.sisu.inject-0.9.0.M2.jar
2025-04-09 14:31:56,210 [Worker-9: Launching mavenrun-846de28c-d49f-479a-a5c8-f5c0d2a4cee5] INFO  o.eclipse.m2e.core.internal.Bundles - 	Entry: C:\Automation\eclipse\plugins\org.eclipse.m2e.maven.runtime_3.9.600.20231203-1234\jars\org.eclipse.sisu.plexus-0.9.0.M2.jar
2025-04-09 14:31:56,211 [Worker-9: Launching mavenrun-846de28c-d49f-479a-a5c8-f5c0d2a4cee5] INFO  o.eclipse.m2e.core.internal.Bundles - 	Entry: C:\Automation\eclipse\plugins\org.eclipse.m2e.maven.runtime_3.9.600.20231203-1234\jars\plexus-build-api-0.0.7.jar
2025-04-09 14:31:56,211 [Worker-9: Launching mavenrun-846de28c-d49f-479a-a5c8-f5c0d2a4cee5] INFO  o.eclipse.m2e.core.internal.Bundles - 	Entry: C:\Automation\eclipse\plugins\org.eclipse.m2e.maven.runtime_3.9.600.20231203-1234\jars\plexus-cipher-2.0.jar
2025-04-09 14:31:56,211 [Worker-9: Launching mavenrun-846de28c-d49f-479a-a5c8-f5c0d2a4cee5] INFO  o.eclipse.m2e.core.internal.Bundles - 	Entry: C:\Automation\eclipse\plugins\org.eclipse.m2e.maven.runtime_3.9.600.20231203-1234\jars\plexus-classworlds-2.7.0.jar
2025-04-09 14:31:56,211 [Worker-9: Launching mavenrun-846de28c-d49f-479a-a5c8-f5c0d2a4cee5] INFO  o.eclipse.m2e.core.internal.Bundles - 	Entry: C:\Automation\eclipse\plugins\org.eclipse.m2e.maven.runtime_3.9.600.20231203-1234\jars\plexus-component-annotations-2.1.0.jar
2025-04-09 14:31:56,211 [Worker-9: Launching mavenrun-846de28c-d49f-479a-a5c8-f5c0d2a4cee5] INFO  o.eclipse.m2e.core.internal.Bundles - 	Entry: C:\Automation\eclipse\plugins\org.eclipse.m2e.maven.runtime_3.9.600.20231203-1234\jars\plexus-interpolation-1.26.jar
2025-04-09 14:31:56,212 [Worker-9: Launching mavenrun-846de28c-d49f-479a-a5c8-f5c0d2a4cee5] INFO  o.eclipse.m2e.core.internal.Bundles - 	Entry: C:\Automation\eclipse\plugins\org.eclipse.m2e.maven.runtime_3.9.600.20231203-1234\jars\plexus-sec-dispatcher-2.0.jar
2025-04-09 14:31:56,212 [Worker-9: Launching mavenrun-846de28c-d49f-479a-a5c8-f5c0d2a4cee5] INFO  o.eclipse.m2e.core.internal.Bundles - 	Entry: C:\Automation\eclipse\plugins\org.eclipse.m2e.maven.runtime_3.9.600.20231203-1234\jars\plexus-utils-3.5.1.jar
2025-04-09 14:31:56,212 [Worker-9: Launching mavenrun-846de28c-d49f-479a-a5c8-f5c0d2a4cee5] INFO  o.eclipse.m2e.core.internal.Bundles - 	Entry: C:\Automation\eclipse\plugins\org.eclipse.m2e.maven.runtime_3.9.600.20231203-1234\jars\wagon-file-3.5.3.jar
2025-04-09 14:31:56,212 [Worker-9: Launching mavenrun-846de28c-d49f-479a-a5c8-f5c0d2a4cee5] INFO  o.eclipse.m2e.core.internal.Bundles - 	Entry: C:\Automation\eclipse\plugins\org.eclipse.m2e.maven.runtime_3.9.600.20231203-1234\jars\wagon-http-3.5.3.jar
2025-04-09 14:31:56,213 [Worker-9: Launching mavenrun-846de28c-d49f-479a-a5c8-f5c0d2a4cee5] INFO  o.eclipse.m2e.core.internal.Bundles - 	Entry: C:\Automation\eclipse\plugins\org.eclipse.m2e.maven.runtime_3.9.600.20231203-1234\jars\wagon-http-shared-3.5.3.jar
2025-04-09 14:31:56,213 [Worker-9: Launching mavenrun-846de28c-d49f-479a-a5c8-f5c0d2a4cee5] INFO  o.eclipse.m2e.core.internal.Bundles - 	Entry: C:\Automation\eclipse\plugins\org.eclipse.m2e.maven.runtime_3.9.600.20231203-1234\jars\wagon-provider-api-3.5.3.jar
2025-04-09 14:31:56,215 [Worker-9: Launching mavenrun-846de28c-d49f-479a-a5c8-f5c0d2a4cee5] INFO  o.eclipse.m2e.core.internal.Bundles - getClasspathEntries(Bundle=com.google.guava_33.0.0.jre [10])
2025-04-09 14:31:56,216 [Worker-9: Launching mavenrun-846de28c-d49f-479a-a5c8-f5c0d2a4cee5] INFO  o.eclipse.m2e.core.internal.Bundles - 	Entry: C:\Automation\eclipse\plugins\com.google.guava_33.0.0.jre.jar
2025-04-09 14:31:56,216 [Worker-9: Launching mavenrun-846de28c-d49f-479a-a5c8-f5c0d2a4cee5] INFO  o.eclipse.m2e.core.internal.Bundles - getClasspathEntries(Bundle=slf4j.api_2.0.12 [522])
2025-04-09 14:31:56,217 [Worker-9: Launching mavenrun-846de28c-d49f-479a-a5c8-f5c0d2a4cee5] INFO  o.eclipse.m2e.core.internal.Bundles - 	Entry: C:\Automation\eclipse\plugins\slf4j.api_2.0.12.jar
2025-04-09 14:31:56,217 [Worker-9: Launching mavenrun-846de28c-d49f-479a-a5c8-f5c0d2a4cee5] INFO  o.eclipse.m2e.core.internal.Bundles - getClasspathEntries(Bundle=jakarta.inject.jakarta.inject-api_1.0.5 [22])
2025-04-09 14:31:56,218 [Worker-9: Launching mavenrun-846de28c-d49f-479a-a5c8-f5c0d2a4cee5] INFO  o.eclipse.m2e.core.internal.Bundles - 	Entry: C:\Automation\eclipse\plugins\jakarta.inject.jakarta.inject-api_1.0.5.jar
2025-04-09 14:31:56,218 [Worker-9: Launching mavenrun-846de28c-d49f-479a-a5c8-f5c0d2a4cee5] INFO  o.eclipse.m2e.core.internal.Bundles - getClasspathEntries(Bundle=jakarta.annotation-api_1.3.5 [20])
2025-04-09 14:31:56,218 [Worker-9: Launching mavenrun-846de28c-d49f-479a-a5c8-f5c0d2a4cee5] INFO  o.eclipse.m2e.core.internal.Bundles - 	Entry: C:\Automation\eclipse\plugins\jakarta.annotation-api_1.3.5.jar
2025-04-09 14:31:56,218 [Worker-9: Launching mavenrun-846de28c-d49f-479a-a5c8-f5c0d2a4cee5] INFO  o.eclipse.m2e.core.internal.Bundles - getClasspathEntries(Bundle=org.apache.commons.cli_1.6.0 [46])
2025-04-09 14:31:56,218 [Worker-9: Launching mavenrun-846de28c-d49f-479a-a5c8-f5c0d2a4cee5] INFO  o.eclipse.m2e.core.internal.Bundles - 	Entry: C:\Automation\eclipse\plugins\org.apache.commons.cli_1.6.0.jar
2025-04-09 14:31:56,218 [Worker-9: Launching mavenrun-846de28c-d49f-479a-a5c8-f5c0d2a4cee5] INFO  o.eclipse.m2e.core.internal.Bundles - getClasspathEntries(Bundle=org.apache.commons.commons-codec_1.16.0 [47])
2025-04-09 14:31:56,219 [Worker-9: Launching mavenrun-846de28c-d49f-479a-a5c8-f5c0d2a4cee5] INFO  o.eclipse.m2e.core.internal.Bundles - 	Entry: C:\Automation\eclipse\plugins\org.apache.commons.commons-codec_1.16.0.jar
2025-04-09 14:31:56,219 [Worker-9: Launching mavenrun-846de28c-d49f-479a-a5c8-f5c0d2a4cee5] INFO  o.eclipse.m2e.core.internal.Bundles - getClasspathEntries(Bundle=org.apache.commons.lang3_3.14.0 [53])
2025-04-09 14:31:56,220 [Worker-9: Launching mavenrun-846de28c-d49f-479a-a5c8-f5c0d2a4cee5] INFO  o.eclipse.m2e.core.internal.Bundles - 	Entry: C:\Automation\eclipse\plugins\org.apache.commons.lang3_3.14.0.jar
2025-04-09 14:31:56,220 [Worker-9: Launching mavenrun-846de28c-d49f-479a-a5c8-f5c0d2a4cee5] INFO  o.eclipse.m2e.core.internal.Bundles - getClasspathEntries(Bundle=com.google.guava.failureaccess_1.0.2 [11])
2025-04-09 14:31:56,220 [Worker-9: Launching mavenrun-846de28c-d49f-479a-a5c8-f5c0d2a4cee5] INFO  o.eclipse.m2e.core.internal.Bundles - 	Entry: C:\Automation\eclipse\plugins\com.google.guava.failureaccess_1.0.2.jar
2025-04-09 14:31:56,236 [Worker-9: Launching mavenrun-846de28c-d49f-479a-a5c8-f5c0d2a4cee5] INFO  o.e.m.i.launch.MavenLaunchDelegate - Run build in "C:\Users\kiran.k\AppData\Local\Temp\m2e-archetypeGenerator12713482499383010833":
2025-04-09 14:31:56,240 [Worker-9: Launching mavenrun-846de28c-d49f-479a-a5c8-f5c0d2a4cee5] INFO  o.e.m.i.launch.MavenLaunchDelegate -  mvn  -DjavaCompilerVersion=17 -DjunitVersion=5.11.0 -DarchetypeGroupId=org.apache.maven.archetypes -DarchetypeArtifactId=maven-archetype-quickstart -DarchetypeVersion=1.5 -DgroupId=GTMTM -DartifactId=TestSuite -Dversion=0.0.1-SNAPSHOT -Dpackage=GTMTM.TestSuite -DoutputDirectory=C:\Automation\GTMTMAutomation -Dstyle.color=always -U archetype:generate
2025-04-09 14:32:15,825 [Worker-15: Creating maven-archetype-quickstart] INFO  o.e.m.c.i.p.ProjectConfigurationManager - Collecting project info '/pom.xml' C:\Automation\GTMTMAutomation\TestSuite\pom.xml
2025-04-09 14:32:17,545 [Worker-15: Creating maven-archetype-quickstart] INFO  o.e.m.c.i.l.LifecycleMappingFactory - Using org.eclipse.m2e.jdt.JarLifecycleMapping lifecycle mapping for MavenProject: GTMTM:TestSuite:0.0.1-SNAPSHOT @ C:\Automation\GTMTMAutomation\TestSuite\pom.xml.
2025-04-09 14:32:18,653 [Worker-15: Creating maven-archetype-quickstart] INFO  o.e.m.j.i.AbstractJavaProjectConfigurator - Adding source folder /TestSuite/src/main/java
2025-04-09 14:32:18,655 [Worker-15: Creating maven-archetype-quickstart] INFO  o.e.m.j.i.AbstractJavaProjectConfigurator - Adding resource folder /TestSuite/src/main/resources
2025-04-09 14:32:18,681 [Worker-15: Creating maven-archetype-quickstart] INFO  o.e.m.j.i.AbstractJavaProjectConfigurator - Adding source folder /TestSuite/src/test/java
2025-04-09 14:32:18,682 [Worker-15: Creating maven-archetype-quickstart] INFO  o.e.m.j.i.AbstractJavaProjectConfigurator - Adding resource folder /TestSuite/src/test/resources
2025-04-09 14:32:19,863 [Worker-15: Creating maven-archetype-quickstart] INFO  o.e.m.c.i.p.ProjectConfigurationManager - Imported and configured 1 project(s) in 4 sec
2025-04-09 14:32:20,808 [Worker-7: Building] INFO  o.a.m.s.f.DefaultMavenResourcesFiltering - skip non existing resourceDirectory C:\Automation\GTMTMAutomation\TestSuite\src\main\resources
2025-04-09 14:32:20,813 [Worker-7: Building] INFO  o.a.m.s.f.DefaultMavenResourcesFiltering - skip non existing resourceDirectory C:\Automation\GTMTMAutomation\TestSuite\src\test\resources
2025-04-09 14:33:30,800 [Worker-15: Building] INFO  o.e.m.c.i.l.LifecycleMappingFactory - Using org.eclipse.m2e.jdt.JarLifecycleMapping lifecycle mapping for MavenProject: GTMTM:TestSuite:0.0.1-SNAPSHOT @ C:\Automation\GTMTMAutomation\TestSuite\pom.xml.
2025-04-09 14:33:30,954 [Worker-15: Building] INFO  o.e.m.c.i.e.AbstractTransferListenerAdapter - Downloading https://repo.maven.apache.org/maven2/org/seleniumhq/selenium/selenium-java/4.31.0/selenium-java-4.31.0.pom
2025-04-09 14:33:30,987 [Worker-15: Building] INFO  o.e.m.c.i.e.AbstractTransferListenerAdapter - Downloaded https://repo.maven.apache.org/maven2/org/seleniumhq/selenium/selenium-java/4.31.0/selenium-java-4.31.0.pom
2025-04-09 14:33:31,014 [Worker-15: Building] INFO  o.e.m.c.i.e.AbstractTransferListenerAdapter - Downloading https://repo.maven.apache.org/maven2/org/seleniumhq/selenium/selenium-api/4.31.0/selenium-api-4.31.0.pom
2025-04-09 14:33:31,035 [Worker-15: Building] INFO  o.e.m.c.i.e.AbstractTransferListenerAdapter - Downloaded https://repo.maven.apache.org/maven2/org/seleniumhq/selenium/selenium-api/4.31.0/selenium-api-4.31.0.pom
2025-04-09 14:33:31,059 [Worker-15: Building] INFO  o.e.m.c.i.e.AbstractTransferListenerAdapter - Downloading https://repo.maven.apache.org/maven2/org/seleniumhq/selenium/selenium-chrome-driver/4.31.0/selenium-chrome-driver-4.31.0.pom
2025-04-09 14:33:31,085 [Worker-15: Building] INFO  o.e.m.c.i.e.AbstractTransferListenerAdapter - Downloaded https://repo.maven.apache.org/maven2/org/seleniumhq/selenium/selenium-chrome-driver/4.31.0/selenium-chrome-driver-4.31.0.pom
2025-04-09 14:33:31,147 [Worker-15: Building] INFO  o.e.m.c.i.e.AbstractTransferListenerAdapter - Downloading https://repo.maven.apache.org/maven2/org/seleniumhq/selenium/selenium-chromium-driver/4.31.0/selenium-chromium-driver-4.31.0.pom
2025-04-09 14:33:31,175 [Worker-15: Building] INFO  o.e.m.c.i.e.AbstractTransferListenerAdapter - Downloaded https://repo.maven.apache.org/maven2/org/seleniumhq/selenium/selenium-chromium-driver/4.31.0/selenium-chromium-driver-4.31.0.pom
2025-04-09 14:33:31,198 [Worker-15: Building] INFO  o.e.m.c.i.e.AbstractTransferListenerAdapter - Downloading https://repo.maven.apache.org/maven2/org/seleniumhq/selenium/selenium-json/4.31.0/selenium-json-4.31.0.pom
2025-04-09 14:33:31,221 [Worker-15: Building] INFO  o.e.m.c.i.e.AbstractTransferListenerAdapter - Downloaded https://repo.maven.apache.org/maven2/org/seleniumhq/selenium/selenium-json/4.31.0/selenium-json-4.31.0.pom
2025-04-09 14:33:31,248 [Worker-15: Building] INFO  o.e.m.c.i.e.AbstractTransferListenerAdapter - Downloading https://repo.maven.apache.org/maven2/org/seleniumhq/selenium/selenium-remote-driver/4.31.0/selenium-remote-driver-4.31.0.pom
2025-04-09 14:33:31,272 [Worker-15: Building] INFO  o.e.m.c.i.e.AbstractTransferListenerAdapter - Downloaded https://repo.maven.apache.org/maven2/org/seleniumhq/selenium/selenium-remote-driver/4.31.0/selenium-remote-driver-4.31.0.pom
2025-04-09 14:33:31,305 [Worker-15: Building] INFO  o.e.m.c.i.e.AbstractTransferListenerAdapter - Downloading https://repo.maven.apache.org/maven2/com/google/guava/guava/33.4.6-jre/guava-33.4.6-jre.pom
2025-04-09 14:33:31,335 [Worker-15: Building] INFO  o.e.m.c.i.e.AbstractTransferListenerAdapter - Downloaded https://repo.maven.apache.org/maven2/com/google/guava/guava/33.4.6-jre/guava-33.4.6-jre.pom
2025-04-09 14:33:31,373 [Worker-15: Building] INFO  o.e.m.c.i.e.AbstractTransferListenerAdapter - Downloading https://repo.maven.apache.org/maven2/com/google/guava/guava-parent/33.4.6-jre/guava-parent-33.4.6-jre.pom
2025-04-09 14:33:31,450 [Worker-15: Building] INFO  o.e.m.c.i.e.AbstractTransferListenerAdapter - Downloaded https://repo.maven.apache.org/maven2/com/google/guava/guava-parent/33.4.6-jre/guava-parent-33.4.6-jre.pom
2025-04-09 14:33:31,482 [Worker-15: Building] INFO  o.e.m.c.i.e.AbstractTransferListenerAdapter - Downloading https://repo.maven.apache.org/maven2/com/google/guava/failureaccess/1.0.3/failureaccess-1.0.3.pom
2025-04-09 14:33:31,519 [Worker-15: Building] INFO  o.e.m.c.i.e.AbstractTransferListenerAdapter - Downloaded https://repo.maven.apache.org/maven2/com/google/guava/failureaccess/1.0.3/failureaccess-1.0.3.pom
2025-04-09 14:33:31,549 [Worker-15: Building] INFO  o.e.m.c.i.e.AbstractTransferListenerAdapter - Downloading https://repo.maven.apache.org/maven2/com/google/guava/guava-parent/33.4.0-android/guava-parent-33.4.0-android.pom
2025-04-09 14:33:31,596 [Worker-15: Building] INFO  o.e.m.c.i.e.AbstractTransferListenerAdapter - Downloaded https://repo.maven.apache.org/maven2/com/google/guava/guava-parent/33.4.0-android/guava-parent-33.4.0-android.pom
2025-04-09 14:33:31,664 [Worker-15: Building] INFO  o.e.m.c.i.e.AbstractTransferListenerAdapter - Downloading https://repo.maven.apache.org/maven2/com/google/errorprone/error_prone_annotations/2.36.0/error_prone_annotations-2.36.0.pom
2025-04-09 14:33:31,691 [Worker-15: Building] INFO  o.e.m.c.i.e.AbstractTransferListenerAdapter - Downloaded https://repo.maven.apache.org/maven2/com/google/errorprone/error_prone_annotations/2.36.0/error_prone_annotations-2.36.0.pom
2025-04-09 14:33:31,732 [Worker-15: Building] INFO  o.e.m.c.i.e.AbstractTransferListenerAdapter - Downloading https://repo.maven.apache.org/maven2/com/google/errorprone/error_prone_parent/2.36.0/error_prone_parent-2.36.0.pom
2025-04-09 14:33:31,771 [Worker-15: Building] INFO  o.e.m.c.i.e.AbstractTransferListenerAdapter - Downloaded https://repo.maven.apache.org/maven2/com/google/errorprone/error_prone_parent/2.36.0/error_prone_parent-2.36.0.pom
2025-04-09 14:33:31,839 [Worker-15: Building] INFO  o.e.m.c.i.e.AbstractTransferListenerAdapter - Downloading https://repo.maven.apache.org/maven2/io/opentelemetry/opentelemetry-api/1.48.0/opentelemetry-api-1.48.0.pom
2025-04-09 14:33:31,871 [Worker-15: Building] INFO  o.e.m.c.i.e.AbstractTransferListenerAdapter - Downloaded https://repo.maven.apache.org/maven2/io/opentelemetry/opentelemetry-api/1.48.0/opentelemetry-api-1.48.0.pom
2025-04-09 14:33:31,896 [Worker-15: Building] INFO  o.e.m.c.i.e.AbstractTransferListenerAdapter - Downloading https://repo.maven.apache.org/maven2/io/opentelemetry/opentelemetry-context/1.48.0/opentelemetry-context-1.48.0.pom
2025-04-09 14:33:31,945 [Worker-15: Building] INFO  o.e.m.c.i.e.AbstractTransferListenerAdapter - Downloaded https://repo.maven.apache.org/maven2/io/opentelemetry/opentelemetry-context/1.48.0/opentelemetry-context-1.48.0.pom
2025-04-09 14:33:31,977 [Worker-15: Building] INFO  o.e.m.c.i.e.AbstractTransferListenerAdapter - Downloading https://repo.maven.apache.org/maven2/io/opentelemetry/opentelemetry-exporter-logging/1.48.0/opentelemetry-exporter-logging-1.48.0.pom
2025-04-09 14:33:32,036 [Worker-15: Building] INFO  o.e.m.c.i.e.AbstractTransferListenerAdapter - Downloaded https://repo.maven.apache.org/maven2/io/opentelemetry/opentelemetry-exporter-logging/1.48.0/opentelemetry-exporter-logging-1.48.0.pom
2025-04-09 14:33:32,059 [Worker-15: Building] INFO  o.e.m.c.i.e.AbstractTransferListenerAdapter - Downloading https://repo.maven.apache.org/maven2/io/opentelemetry/opentelemetry-sdk/1.48.0/opentelemetry-sdk-1.48.0.pom
2025-04-09 14:33:32,084 [Worker-15: Building] INFO  o.e.m.c.i.e.AbstractTransferListenerAdapter - Downloaded https://repo.maven.apache.org/maven2/io/opentelemetry/opentelemetry-sdk/1.48.0/opentelemetry-sdk-1.48.0.pom
2025-04-09 14:33:32,114 [Worker-15: Building] INFO  o.e.m.c.i.e.AbstractTransferListenerAdapter - Downloading https://repo.maven.apache.org/maven2/io/opentelemetry/opentelemetry-sdk-common/1.48.0/opentelemetry-sdk-common-1.48.0.pom
2025-04-09 14:33:32,162 [Worker-15: Building] INFO  o.e.m.c.i.e.AbstractTransferListenerAdapter - Downloaded https://repo.maven.apache.org/maven2/io/opentelemetry/opentelemetry-sdk-common/1.48.0/opentelemetry-sdk-common-1.48.0.pom
2025-04-09 14:33:32,187 [Worker-15: Building] INFO  o.e.m.c.i.e.AbstractTransferListenerAdapter - Downloading https://repo.maven.apache.org/maven2/io/opentelemetry/opentelemetry-sdk-trace/1.48.0/opentelemetry-sdk-trace-1.48.0.pom
2025-04-09 14:33:32,215 [Worker-15: Building] INFO  o.e.m.c.i.e.AbstractTransferListenerAdapter - Downloaded https://repo.maven.apache.org/maven2/io/opentelemetry/opentelemetry-sdk-trace/1.48.0/opentelemetry-sdk-trace-1.48.0.pom
2025-04-09 14:33:32,290 [Worker-15: Building] INFO  o.e.m.c.i.e.AbstractTransferListenerAdapter - Downloading https://repo.maven.apache.org/maven2/io/opentelemetry/opentelemetry-sdk-metrics/1.48.0/opentelemetry-sdk-metrics-1.48.0.pom
2025-04-09 14:33:32,316 [Worker-15: Building] INFO  o.e.m.c.i.e.AbstractTransferListenerAdapter - Downloaded https://repo.maven.apache.org/maven2/io/opentelemetry/opentelemetry-sdk-metrics/1.48.0/opentelemetry-sdk-metrics-1.48.0.pom
2025-04-09 14:33:32,344 [Worker-15: Building] INFO  o.e.m.c.i.e.AbstractTransferListenerAdapter - Downloading https://repo.maven.apache.org/maven2/io/opentelemetry/opentelemetry-sdk-logs/1.48.0/opentelemetry-sdk-logs-1.48.0.pom
2025-04-09 14:33:32,372 [Worker-15: Building] INFO  o.e.m.c.i.e.AbstractTransferListenerAdapter - Downloaded https://repo.maven.apache.org/maven2/io/opentelemetry/opentelemetry-sdk-logs/1.48.0/opentelemetry-sdk-logs-1.48.0.pom
2025-04-09 14:33:32,406 [Worker-15: Building] INFO  o.e.m.c.i.e.AbstractTransferListenerAdapter - Downloading https://repo.maven.apache.org/maven2/io/opentelemetry/opentelemetry-sdk-extension-autoconfigure-spi/1.48.0/opentelemetry-sdk-extension-autoconfigure-spi-1.48.0.pom
2025-04-09 14:33:32,444 [Worker-15: Building] INFO  o.e.m.c.i.e.AbstractTransferListenerAdapter - Downloaded https://repo.maven.apache.org/maven2/io/opentelemetry/opentelemetry-sdk-extension-autoconfigure-spi/1.48.0/opentelemetry-sdk-extension-autoconfigure-spi-1.48.0.pom
2025-04-09 14:33:32,469 [Worker-15: Building] INFO  o.e.m.c.i.e.AbstractTransferListenerAdapter - Downloading https://repo.maven.apache.org/maven2/io/opentelemetry/opentelemetry-sdk-extension-autoconfigure/1.48.0/opentelemetry-sdk-extension-autoconfigure-1.48.0.pom
2025-04-09 14:33:32,497 [Worker-15: Building] INFO  o.e.m.c.i.e.AbstractTransferListenerAdapter - Downloaded https://repo.maven.apache.org/maven2/io/opentelemetry/opentelemetry-sdk-extension-autoconfigure/1.48.0/opentelemetry-sdk-extension-autoconfigure-1.48.0.pom
2025-04-09 14:33:32,519 [Worker-15: Building] INFO  o.e.m.c.i.e.AbstractTransferListenerAdapter - Downloading https://repo.maven.apache.org/maven2/net/bytebuddy/byte-buddy/1.17.5/byte-buddy-1.17.5.pom
2025-04-09 14:33:32,550 [Worker-15: Building] INFO  o.e.m.c.i.e.AbstractTransferListenerAdapter - Downloaded https://repo.maven.apache.org/maven2/net/bytebuddy/byte-buddy/1.17.5/byte-buddy-1.17.5.pom
2025-04-09 14:33:32,573 [Worker-15: Building] INFO  o.e.m.c.i.e.AbstractTransferListenerAdapter - Downloading https://repo.maven.apache.org/maven2/net/bytebuddy/byte-buddy-parent/1.17.5/byte-buddy-parent-1.17.5.pom
2025-04-09 14:33:32,612 [Worker-15: Building] INFO  o.e.m.c.i.e.AbstractTransferListenerAdapter - Downloaded https://repo.maven.apache.org/maven2/net/bytebuddy/byte-buddy-parent/1.17.5/byte-buddy-parent-1.17.5.pom
2025-04-09 14:33:32,639 [Worker-15: Building] INFO  o.e.m.c.i.e.AbstractTransferListenerAdapter - Downloading https://repo.maven.apache.org/maven2/org/seleniumhq/selenium/selenium-http/4.31.0/selenium-http-4.31.0.pom
2025-04-09 14:33:32,667 [Worker-15: Building] INFO  o.e.m.c.i.e.AbstractTransferListenerAdapter - Downloaded https://repo.maven.apache.org/maven2/org/seleniumhq/selenium/selenium-http/4.31.0/selenium-http-4.31.0.pom
2025-04-09 14:33:32,690 [Worker-15: Building] INFO  o.e.m.c.i.e.AbstractTransferListenerAdapter - Downloading https://repo.maven.apache.org/maven2/org/seleniumhq/selenium/selenium-manager/4.31.0/selenium-manager-4.31.0.pom
2025-04-09 14:33:32,708 [Worker-15: Building] INFO  o.e.m.c.i.e.AbstractTransferListenerAdapter - Downloaded https://repo.maven.apache.org/maven2/org/seleniumhq/selenium/selenium-manager/4.31.0/selenium-manager-4.31.0.pom
2025-04-09 14:33:32,734 [Worker-15: Building] INFO  o.e.m.c.i.e.AbstractTransferListenerAdapter - Downloading https://repo.maven.apache.org/maven2/org/seleniumhq/selenium/selenium-os/4.31.0/selenium-os-4.31.0.pom
2025-04-09 14:33:32,757 [Worker-15: Building] INFO  o.e.m.c.i.e.AbstractTransferListenerAdapter - Downloaded https://repo.maven.apache.org/maven2/org/seleniumhq/selenium/selenium-os/4.31.0/selenium-os-4.31.0.pom
2025-04-09 14:33:32,813 [Worker-15: Building] INFO  o.e.m.c.i.e.AbstractTransferListenerAdapter - Downloading https://repo.maven.apache.org/maven2/org/seleniumhq/selenium/selenium-devtools-v133/4.31.0/selenium-devtools-v133-4.31.0.pom
2025-04-09 14:33:32,839 [Worker-15: Building] INFO  o.e.m.c.i.e.AbstractTransferListenerAdapter - Downloaded https://repo.maven.apache.org/maven2/org/seleniumhq/selenium/selenium-devtools-v133/4.31.0/selenium-devtools-v133-4.31.0.pom
2025-04-09 14:33:32,863 [Worker-15: Building] INFO  o.e.m.c.i.e.AbstractTransferListenerAdapter - Downloading https://repo.maven.apache.org/maven2/org/seleniumhq/selenium/selenium-devtools-v134/4.31.0/selenium-devtools-v134-4.31.0.pom
2025-04-09 14:33:32,887 [Worker-15: Building] INFO  o.e.m.c.i.e.AbstractTransferListenerAdapter - Downloaded https://repo.maven.apache.org/maven2/org/seleniumhq/selenium/selenium-devtools-v134/4.31.0/selenium-devtools-v134-4.31.0.pom
2025-04-09 14:33:32,913 [Worker-15: Building] INFO  o.e.m.c.i.e.AbstractTransferListenerAdapter - Downloading https://repo.maven.apache.org/maven2/org/seleniumhq/selenium/selenium-devtools-v135/4.31.0/selenium-devtools-v135-4.31.0.pom
2025-04-09 14:33:32,940 [Worker-15: Building] INFO  o.e.m.c.i.e.AbstractTransferListenerAdapter - Downloaded https://repo.maven.apache.org/maven2/org/seleniumhq/selenium/selenium-devtools-v135/4.31.0/selenium-devtools-v135-4.31.0.pom
2025-04-09 14:33:32,968 [Worker-15: Building] INFO  o.e.m.c.i.e.AbstractTransferListenerAdapter - Downloading https://repo.maven.apache.org/maven2/org/seleniumhq/selenium/selenium-edge-driver/4.31.0/selenium-edge-driver-4.31.0.pom
2025-04-09 14:33:32,994 [Worker-15: Building] INFO  o.e.m.c.i.e.AbstractTransferListenerAdapter - Downloaded https://repo.maven.apache.org/maven2/org/seleniumhq/selenium/selenium-edge-driver/4.31.0/selenium-edge-driver-4.31.0.pom
2025-04-09 14:33:33,017 [Worker-15: Building] INFO  o.e.m.c.i.e.AbstractTransferListenerAdapter - Downloading https://repo.maven.apache.org/maven2/org/seleniumhq/selenium/selenium-firefox-driver/4.31.0/selenium-firefox-driver-4.31.0.pom
2025-04-09 14:33:33,042 [Worker-15: Building] INFO  o.e.m.c.i.e.AbstractTransferListenerAdapter - Downloaded https://repo.maven.apache.org/maven2/org/seleniumhq/selenium/selenium-firefox-driver/4.31.0/selenium-firefox-driver-4.31.0.pom
2025-04-09 14:33:33,068 [Worker-15: Building] INFO  o.e.m.c.i.e.AbstractTransferListenerAdapter - Downloading https://repo.maven.apache.org/maven2/org/seleniumhq/selenium/selenium-ie-driver/4.31.0/selenium-ie-driver-4.31.0.pom
2025-04-09 14:33:33,095 [Worker-15: Building] INFO  o.e.m.c.i.e.AbstractTransferListenerAdapter - Downloaded https://repo.maven.apache.org/maven2/org/seleniumhq/selenium/selenium-ie-driver/4.31.0/selenium-ie-driver-4.31.0.pom
2025-04-09 14:33:33,119 [Worker-15: Building] INFO  o.e.m.c.i.e.AbstractTransferListenerAdapter - Downloading https://repo.maven.apache.org/maven2/org/seleniumhq/selenium/selenium-safari-driver/4.31.0/selenium-safari-driver-4.31.0.pom
2025-04-09 14:33:33,146 [Worker-15: Building] INFO  o.e.m.c.i.e.AbstractTransferListenerAdapter - Downloaded https://repo.maven.apache.org/maven2/org/seleniumhq/selenium/selenium-safari-driver/4.31.0/selenium-safari-driver-4.31.0.pom
2025-04-09 14:33:33,166 [Worker-15: Building] INFO  o.e.m.c.i.e.AbstractTransferListenerAdapter - Downloading https://repo.maven.apache.org/maven2/org/seleniumhq/selenium/selenium-support/4.31.0/selenium-support-4.31.0.pom
2025-04-09 14:33:33,190 [Worker-15: Building] INFO  o.e.m.c.i.e.AbstractTransferListenerAdapter - Downloaded https://repo.maven.apache.org/maven2/org/seleniumhq/selenium/selenium-support/4.31.0/selenium-support-4.31.0.pom
2025-04-09 14:33:33,213 [Worker-15: Building] INFO  o.e.m.c.i.e.AbstractTransferListenerAdapter - Downloading https://repo.maven.apache.org/maven2/org/testng/testng/7.11.0/testng-7.11.0.pom
2025-04-09 14:33:33,235 [Worker-15: Building] INFO  o.e.m.c.i.e.AbstractTransferListenerAdapter - Downloaded https://repo.maven.apache.org/maven2/org/testng/testng/7.11.0/testng-7.11.0.pom
2025-04-09 14:33:33,276 [Worker-15: Building] INFO  o.e.m.c.i.e.AbstractTransferListenerAdapter - Downloading https://repo.maven.apache.org/maven2/org/jcommander/jcommander/1.83/jcommander-1.83.pom
2025-04-09 14:33:33,291 [Worker-15: Building] INFO  o.e.m.c.i.e.AbstractTransferListenerAdapter - Downloaded https://repo.maven.apache.org/maven2/org/jcommander/jcommander/1.83/jcommander-1.83.pom
2025-04-09 14:33:33,358 [Worker-15: Building] INFO  o.e.m.c.i.e.AbstractTransferListenerAdapter - Downloading https://repo.maven.apache.org/maven2/org/seleniumhq/selenium/selenium-java/4.31.0/selenium-java-4.31.0.jar
2025-04-09 14:33:33,383 [Worker-15: Building] INFO  o.e.m.c.i.e.AbstractTransferListenerAdapter - Downloaded https://repo.maven.apache.org/maven2/org/seleniumhq/selenium/selenium-java/4.31.0/selenium-java-4.31.0.jar
2025-04-09 14:33:33,411 [BasicRepositoryConnector-repo.maven.apache.org-0-0] INFO  o.e.m.c.i.e.AbstractTransferListenerAdapter - Downloading https://repo.maven.apache.org/maven2/org/seleniumhq/selenium/selenium-api/4.31.0/selenium-api-4.31.0.jar
2025-04-09 14:33:33,492 [BasicRepositoryConnector-repo.maven.apache.org-0-2] INFO  o.e.m.c.i.e.AbstractTransferListenerAdapter - Downloading https://repo.maven.apache.org/maven2/org/seleniumhq/selenium/selenium-chromium-driver/4.31.0/selenium-chromium-driver-4.31.0.jar
2025-04-09 14:33:33,550 [BasicRepositoryConnector-repo.maven.apache.org-0-1] INFO  o.e.m.c.i.e.AbstractTransferListenerAdapter - Downloading https://repo.maven.apache.org/maven2/org/seleniumhq/selenium/selenium-chrome-driver/4.31.0/selenium-chrome-driver-4.31.0.jar
2025-04-09 14:33:33,566 [BasicRepositoryConnector-repo.maven.apache.org-0-4] INFO  o.e.m.c.i.e.AbstractTransferListenerAdapter - Downloading https://repo.maven.apache.org/maven2/org/seleniumhq/selenium/selenium-manager/4.31.0/selenium-manager-4.31.0.jar
2025-04-09 14:33:33,572 [BasicRepositoryConnector-repo.maven.apache.org-0-3] INFO  o.e.m.c.i.e.AbstractTransferListenerAdapter - Downloading https://repo.maven.apache.org/maven2/org/seleniumhq/selenium/selenium-json/4.31.0/selenium-json-4.31.0.jar
2025-04-09 14:33:33,736 [BasicRepositoryConnector-repo.maven.apache.org-0-2] INFO  o.e.m.c.i.e.AbstractTransferListenerAdapter - Downloaded https://repo.maven.apache.org/maven2/org/seleniumhq/selenium/selenium-chromium-driver/4.31.0/selenium-chromium-driver-4.31.0.jar
2025-04-09 14:33:33,774 [BasicRepositoryConnector-repo.maven.apache.org-0-2] INFO  o.e.m.c.i.e.AbstractTransferListenerAdapter - Downloading https://repo.maven.apache.org/maven2/org/seleniumhq/selenium/selenium-devtools-v133/4.31.0/selenium-devtools-v133-4.31.0.jar
2025-04-09 14:33:33,916 [BasicRepositoryConnector-repo.maven.apache.org-0-1] INFO  o.e.m.c.i.e.AbstractTransferListenerAdapter - Downloaded https://repo.maven.apache.org/maven2/org/seleniumhq/selenium/selenium-chrome-driver/4.31.0/selenium-chrome-driver-4.31.0.jar
2025-04-09 14:33:33,929 [BasicRepositoryConnector-repo.maven.apache.org-0-1] INFO  o.e.m.c.i.e.AbstractTransferListenerAdapter - Downloading https://repo.maven.apache.org/maven2/org/seleniumhq/selenium/selenium-devtools-v134/4.31.0/selenium-devtools-v134-4.31.0.jar
2025-04-09 14:33:34,071 [BasicRepositoryConnector-repo.maven.apache.org-0-3] INFO  o.e.m.c.i.e.AbstractTransferListenerAdapter - Downloaded https://repo.maven.apache.org/maven2/org/seleniumhq/selenium/selenium-json/4.31.0/selenium-json-4.31.0.jar
2025-04-09 14:33:34,081 [BasicRepositoryConnector-repo.maven.apache.org-0-3] INFO  o.e.m.c.i.e.AbstractTransferListenerAdapter - Downloading https://repo.maven.apache.org/maven2/org/seleniumhq/selenium/selenium-devtools-v135/4.31.0/selenium-devtools-v135-4.31.0.jar
2025-04-09 14:33:34,540 [BasicRepositoryConnector-repo.maven.apache.org-0-0] INFO  o.e.m.c.i.e.AbstractTransferListenerAdapter - Downloaded https://repo.maven.apache.org/maven2/org/seleniumhq/selenium/selenium-api/4.31.0/selenium-api-4.31.0.jar
2025-04-09 14:33:34,547 [BasicRepositoryConnector-repo.maven.apache.org-0-0] INFO  o.e.m.c.i.e.AbstractTransferListenerAdapter - Downloading https://repo.maven.apache.org/maven2/org/seleniumhq/selenium/selenium-edge-driver/4.31.0/selenium-edge-driver-4.31.0.jar
2025-04-09 14:33:34,744 [BasicRepositoryConnector-repo.maven.apache.org-0-0] INFO  o.e.m.c.i.e.AbstractTransferListenerAdapter - Downloaded https://repo.maven.apache.org/maven2/org/seleniumhq/selenium/selenium-edge-driver/4.31.0/selenium-edge-driver-4.31.0.jar
2025-04-09 14:33:34,764 [BasicRepositoryConnector-repo.maven.apache.org-0-0] INFO  o.e.m.c.i.e.AbstractTransferListenerAdapter - Downloading https://repo.maven.apache.org/maven2/org/seleniumhq/selenium/selenium-firefox-driver/4.31.0/selenium-firefox-driver-4.31.0.jar
2025-04-09 14:33:35,067 [BasicRepositoryConnector-repo.maven.apache.org-0-0] INFO  o.e.m.c.i.e.AbstractTransferListenerAdapter - Downloaded https://repo.maven.apache.org/maven2/org/seleniumhq/selenium/selenium-firefox-driver/4.31.0/selenium-firefox-driver-4.31.0.jar
2025-04-09 14:33:35,074 [BasicRepositoryConnector-repo.maven.apache.org-0-0] INFO  o.e.m.c.i.e.AbstractTransferListenerAdapter - Downloading https://repo.maven.apache.org/maven2/org/seleniumhq/selenium/selenium-http/4.31.0/selenium-http-4.31.0.jar
2025-04-09 14:33:35,163 [BasicRepositoryConnector-repo.maven.apache.org-0-4] INFO  o.e.m.c.i.e.AbstractTransferListenerAdapter - Downloaded https://repo.maven.apache.org/maven2/org/seleniumhq/selenium/selenium-manager/4.31.0/selenium-manager-4.31.0.jar
2025-04-09 14:33:35,171 [BasicRepositoryConnector-repo.maven.apache.org-0-4] INFO  o.e.m.c.i.e.AbstractTransferListenerAdapter - Downloading https://repo.maven.apache.org/maven2/org/seleniumhq/selenium/selenium-ie-driver/4.31.0/selenium-ie-driver-4.31.0.jar
2025-04-09 14:33:35,283 [BasicRepositoryConnector-repo.maven.apache.org-0-4] INFO  o.e.m.c.i.e.AbstractTransferListenerAdapter - Downloaded https://repo.maven.apache.org/maven2/org/seleniumhq/selenium/selenium-ie-driver/4.31.0/selenium-ie-driver-4.31.0.jar
2025-04-09 14:33:35,293 [BasicRepositoryConnector-repo.maven.apache.org-0-4] INFO  o.e.m.c.i.e.AbstractTransferListenerAdapter - Downloading https://repo.maven.apache.org/maven2/org/seleniumhq/selenium/selenium-remote-driver/4.31.0/selenium-remote-driver-4.31.0.jar
2025-04-09 14:33:35,364 [BasicRepositoryConnector-repo.maven.apache.org-0-0] INFO  o.e.m.c.i.e.AbstractTransferListenerAdapter - Downloaded https://repo.maven.apache.org/maven2/org/seleniumhq/selenium/selenium-http/4.31.0/selenium-http-4.31.0.jar
2025-04-09 14:33:35,377 [BasicRepositoryConnector-repo.maven.apache.org-0-0] INFO  o.e.m.c.i.e.AbstractTransferListenerAdapter - Downloading https://repo.maven.apache.org/maven2/com/google/guava/guava/33.4.6-jre/guava-33.4.6-jre.jar
2025-04-09 14:33:36,718 [BasicRepositoryConnector-repo.maven.apache.org-0-4] INFO  o.e.m.c.i.e.AbstractTransferListenerAdapter - Downloaded https://repo.maven.apache.org/maven2/org/seleniumhq/selenium/selenium-remote-driver/4.31.0/selenium-remote-driver-4.31.0.jar
2025-04-09 14:33:36,726 [BasicRepositoryConnector-repo.maven.apache.org-0-4] INFO  o.e.m.c.i.e.AbstractTransferListenerAdapter - Downloading https://repo.maven.apache.org/maven2/com/google/guava/failureaccess/1.0.3/failureaccess-1.0.3.jar
2025-04-09 14:33:36,846 [BasicRepositoryConnector-repo.maven.apache.org-0-4] INFO  o.e.m.c.i.e.AbstractTransferListenerAdapter - Downloaded https://repo.maven.apache.org/maven2/com/google/guava/failureaccess/1.0.3/failureaccess-1.0.3.jar
2025-04-09 14:33:36,856 [BasicRepositoryConnector-repo.maven.apache.org-0-4] INFO  o.e.m.c.i.e.AbstractTransferListenerAdapter - Downloading https://repo.maven.apache.org/maven2/com/google/errorprone/error_prone_annotations/2.36.0/error_prone_annotations-2.36.0.jar
2025-04-09 14:33:37,157 [BasicRepositoryConnector-repo.maven.apache.org-0-4] INFO  o.e.m.c.i.e.AbstractTransferListenerAdapter - Downloaded https://repo.maven.apache.org/maven2/com/google/errorprone/error_prone_annotations/2.36.0/error_prone_annotations-2.36.0.jar
2025-04-09 14:33:37,165 [BasicRepositoryConnector-repo.maven.apache.org-0-4] INFO  o.e.m.c.i.e.AbstractTransferListenerAdapter - Downloading https://repo.maven.apache.org/maven2/io/opentelemetry/opentelemetry-api/1.48.0/opentelemetry-api-1.48.0.jar
2025-04-09 14:33:37,600 [BasicRepositoryConnector-repo.maven.apache.org-0-1] INFO  o.e.m.c.i.e.AbstractTransferListenerAdapter - Downloaded https://repo.maven.apache.org/maven2/org/seleniumhq/selenium/selenium-devtools-v134/4.31.0/selenium-devtools-v134-4.31.0.jar
2025-04-09 14:33:37,612 [BasicRepositoryConnector-repo.maven.apache.org-0-1] INFO  o.e.m.c.i.e.AbstractTransferListenerAdapter - Downloading https://repo.maven.apache.org/maven2/io/opentelemetry/opentelemetry-context/1.48.0/opentelemetry-context-1.48.0.jar
2025-04-09 14:33:37,634 [BasicRepositoryConnector-repo.maven.apache.org-0-4] INFO  o.e.m.c.i.e.AbstractTransferListenerAdapter - Downloaded https://repo.maven.apache.org/maven2/io/opentelemetry/opentelemetry-api/1.48.0/opentelemetry-api-1.48.0.jar
2025-04-09 14:33:37,643 [BasicRepositoryConnector-repo.maven.apache.org-0-4] INFO  o.e.m.c.i.e.AbstractTransferListenerAdapter - Downloading https://repo.maven.apache.org/maven2/io/opentelemetry/opentelemetry-exporter-logging/1.48.0/opentelemetry-exporter-logging-1.48.0.jar
2025-04-09 14:33:37,719 [BasicRepositoryConnector-repo.maven.apache.org-0-2] INFO  o.e.m.c.i.e.AbstractTransferListenerAdapter - Downloaded https://repo.maven.apache.org/maven2/org/seleniumhq/selenium/selenium-devtools-v133/4.31.0/selenium-devtools-v133-4.31.0.jar
2025-04-09 14:33:37,728 [BasicRepositoryConnector-repo.maven.apache.org-0-2] INFO  o.e.m.c.i.e.AbstractTransferListenerAdapter - Downloading https://repo.maven.apache.org/maven2/io/opentelemetry/opentelemetry-sdk-common/1.48.0/opentelemetry-sdk-common-1.48.0.jar
2025-04-09 14:33:37,808 [BasicRepositoryConnector-repo.maven.apache.org-0-1] INFO  o.e.m.c.i.e.AbstractTransferListenerAdapter - Downloaded https://repo.maven.apache.org/maven2/io/opentelemetry/opentelemetry-context/1.48.0/opentelemetry-context-1.48.0.jar
2025-04-09 14:33:37,817 [BasicRepositoryConnector-repo.maven.apache.org-0-1] INFO  o.e.m.c.i.e.AbstractTransferListenerAdapter - Downloading https://repo.maven.apache.org/maven2/io/opentelemetry/opentelemetry-sdk-extension-autoconfigure-spi/1.48.0/opentelemetry-sdk-extension-autoconfigure-spi-1.48.0.jar
2025-04-09 14:33:37,871 [BasicRepositoryConnector-repo.maven.apache.org-0-4] INFO  o.e.m.c.i.e.AbstractTransferListenerAdapter - Downloaded https://repo.maven.apache.org/maven2/io/opentelemetry/opentelemetry-exporter-logging/1.48.0/opentelemetry-exporter-logging-1.48.0.jar
2025-04-09 14:33:37,880 [BasicRepositoryConnector-repo.maven.apache.org-0-4] INFO  o.e.m.c.i.e.AbstractTransferListenerAdapter - Downloading https://repo.maven.apache.org/maven2/io/opentelemetry/opentelemetry-sdk-extension-autoconfigure/1.48.0/opentelemetry-sdk-extension-autoconfigure-1.48.0.jar
2025-04-09 14:33:37,882 [BasicRepositoryConnector-repo.maven.apache.org-0-3] INFO  o.e.m.c.i.e.AbstractTransferListenerAdapter - Downloaded https://repo.maven.apache.org/maven2/org/seleniumhq/selenium/selenium-devtools-v135/4.31.0/selenium-devtools-v135-4.31.0.jar
2025-04-09 14:33:37,892 [BasicRepositoryConnector-repo.maven.apache.org-0-3] INFO  o.e.m.c.i.e.AbstractTransferListenerAdapter - Downloading https://repo.maven.apache.org/maven2/io/opentelemetry/opentelemetry-sdk-trace/1.48.0/opentelemetry-sdk-trace-1.48.0.jar
2025-04-09 14:33:37,953 [BasicRepositoryConnector-repo.maven.apache.org-0-2] INFO  o.e.m.c.i.e.AbstractTransferListenerAdapter - Downloaded https://repo.maven.apache.org/maven2/io/opentelemetry/opentelemetry-sdk-common/1.48.0/opentelemetry-sdk-common-1.48.0.jar
2025-04-09 14:33:37,964 [BasicRepositoryConnector-repo.maven.apache.org-0-2] INFO  o.e.m.c.i.e.AbstractTransferListenerAdapter - Downloading https://repo.maven.apache.org/maven2/io/opentelemetry/opentelemetry-sdk/1.48.0/opentelemetry-sdk-1.48.0.jar
2025-04-09 14:33:38,048 [BasicRepositoryConnector-repo.maven.apache.org-0-4] INFO  o.e.m.c.i.e.AbstractTransferListenerAdapter - Downloaded https://repo.maven.apache.org/maven2/io/opentelemetry/opentelemetry-sdk-extension-autoconfigure/1.48.0/opentelemetry-sdk-extension-autoconfigure-1.48.0.jar
2025-04-09 14:33:38,056 [BasicRepositoryConnector-repo.maven.apache.org-0-4] INFO  o.e.m.c.i.e.AbstractTransferListenerAdapter - Downloading https://repo.maven.apache.org/maven2/io/opentelemetry/opentelemetry-sdk-metrics/1.48.0/opentelemetry-sdk-metrics-1.48.0.jar
2025-04-09 14:33:38,082 [BasicRepositoryConnector-repo.maven.apache.org-0-1] INFO  o.e.m.c.i.e.AbstractTransferListenerAdapter - Downloaded https://repo.maven.apache.org/maven2/io/opentelemetry/opentelemetry-sdk-extension-autoconfigure-spi/1.48.0/opentelemetry-sdk-extension-autoconfigure-spi-1.48.0.jar
2025-04-09 14:33:38,097 [BasicRepositoryConnector-repo.maven.apache.org-0-1] INFO  o.e.m.c.i.e.AbstractTransferListenerAdapter - Downloading https://repo.maven.apache.org/maven2/io/opentelemetry/opentelemetry-sdk-logs/1.48.0/opentelemetry-sdk-logs-1.48.0.jar
2025-04-09 14:33:38,104 [BasicRepositoryConnector-repo.maven.apache.org-0-2] INFO  o.e.m.c.i.e.AbstractTransferListenerAdapter - Downloaded https://repo.maven.apache.org/maven2/io/opentelemetry/opentelemetry-sdk/1.48.0/opentelemetry-sdk-1.48.0.jar
2025-04-09 14:33:38,119 [BasicRepositoryConnector-repo.maven.apache.org-0-2] INFO  o.e.m.c.i.e.AbstractTransferListenerAdapter - Downloading https://repo.maven.apache.org/maven2/net/bytebuddy/byte-buddy/1.17.5/byte-buddy-1.17.5.jar
2025-04-09 14:33:38,340 [BasicRepositoryConnector-repo.maven.apache.org-0-1] INFO  o.e.m.c.i.e.AbstractTransferListenerAdapter - Downloaded https://repo.maven.apache.org/maven2/io/opentelemetry/opentelemetry-sdk-logs/1.48.0/opentelemetry-sdk-logs-1.48.0.jar
2025-04-09 14:33:38,351 [BasicRepositoryConnector-repo.maven.apache.org-0-1] INFO  o.e.m.c.i.e.AbstractTransferListenerAdapter - Downloading https://repo.maven.apache.org/maven2/org/seleniumhq/selenium/selenium-os/4.31.0/selenium-os-4.31.0.jar
2025-04-09 14:33:38,404 [BasicRepositoryConnector-repo.maven.apache.org-0-3] INFO  o.e.m.c.i.e.AbstractTransferListenerAdapter - Downloaded https://repo.maven.apache.org/maven2/io/opentelemetry/opentelemetry-sdk-trace/1.48.0/opentelemetry-sdk-trace-1.48.0.jar
2025-04-09 14:33:38,412 [BasicRepositoryConnector-repo.maven.apache.org-0-3] INFO  o.e.m.c.i.e.AbstractTransferListenerAdapter - Downloading https://repo.maven.apache.org/maven2/org/seleniumhq/selenium/selenium-safari-driver/4.31.0/selenium-safari-driver-4.31.0.jar
2025-04-09 14:33:38,470 [BasicRepositoryConnector-repo.maven.apache.org-0-1] INFO  o.e.m.c.i.e.AbstractTransferListenerAdapter - Downloaded https://repo.maven.apache.org/maven2/org/seleniumhq/selenium/selenium-os/4.31.0/selenium-os-4.31.0.jar
2025-04-09 14:33:38,482 [BasicRepositoryConnector-repo.maven.apache.org-0-1] INFO  o.e.m.c.i.e.AbstractTransferListenerAdapter - Downloading https://repo.maven.apache.org/maven2/org/seleniumhq/selenium/selenium-support/4.31.0/selenium-support-4.31.0.jar
2025-04-09 14:33:38,624 [BasicRepositoryConnector-repo.maven.apache.org-0-3] INFO  o.e.m.c.i.e.AbstractTransferListenerAdapter - Downloaded https://repo.maven.apache.org/maven2/org/seleniumhq/selenium/selenium-safari-driver/4.31.0/selenium-safari-driver-4.31.0.jar
2025-04-09 14:33:38,633 [BasicRepositoryConnector-repo.maven.apache.org-0-3] INFO  o.e.m.c.i.e.AbstractTransferListenerAdapter - Downloading https://repo.maven.apache.org/maven2/org/testng/testng/7.11.0/testng-7.11.0.jar
2025-04-09 14:33:39,030 [BasicRepositoryConnector-repo.maven.apache.org-0-4] INFO  o.e.m.c.i.e.AbstractTransferListenerAdapter - Downloaded https://repo.maven.apache.org/maven2/io/opentelemetry/opentelemetry-sdk-metrics/1.48.0/opentelemetry-sdk-metrics-1.48.0.jar
2025-04-09 14:33:39,040 [BasicRepositoryConnector-repo.maven.apache.org-0-4] INFO  o.e.m.c.i.e.AbstractTransferListenerAdapter - Downloading https://repo.maven.apache.org/maven2/org/jcommander/jcommander/1.83/jcommander-1.83.jar
2025-04-09 14:33:39,086 [BasicRepositoryConnector-repo.maven.apache.org-0-1] INFO  o.e.m.c.i.e.AbstractTransferListenerAdapter - Downloaded https://repo.maven.apache.org/maven2/org/seleniumhq/selenium/selenium-support/4.31.0/selenium-support-4.31.0.jar
2025-04-09 14:33:39,257 [BasicRepositoryConnector-repo.maven.apache.org-0-4] INFO  o.e.m.c.i.e.AbstractTransferListenerAdapter - Downloaded https://repo.maven.apache.org/maven2/org/jcommander/jcommander/1.83/jcommander-1.83.jar
2025-04-09 14:33:40,257 [BasicRepositoryConnector-repo.maven.apache.org-0-3] INFO  o.e.m.c.i.e.AbstractTransferListenerAdapter - Downloaded https://repo.maven.apache.org/maven2/org/testng/testng/7.11.0/testng-7.11.0.jar
2025-04-09 14:33:40,686 [BasicRepositoryConnector-repo.maven.apache.org-0-0] INFO  o.e.m.c.i.e.AbstractTransferListenerAdapter - Downloaded https://repo.maven.apache.org/maven2/com/google/guava/guava/33.4.6-jre/guava-33.4.6-jre.jar
2025-04-09 14:33:52,689 [BasicRepositoryConnector-repo.maven.apache.org-0-2] INFO  o.e.m.c.i.e.AbstractTransferListenerAdapter - Downloaded https://repo.maven.apache.org/maven2/net/bytebuddy/byte-buddy/1.17.5/byte-buddy-1.17.5.jar
2025-04-09 14:34:01,763 [Worker-15: Building] INFO  o.a.m.s.f.DefaultMavenResourcesFiltering - skip non existing resourceDirectory C:\Automation\GTMTMAutomation\TestSuite\src\main\resources
2025-04-09 14:34:01,768 [Worker-15: Building] INFO  o.a.m.s.f.DefaultMavenResourcesFiltering - skip non existing resourceDirectory C:\Automation\GTMTMAutomation\TestSuite\src\test\resources
2025-04-09 14:34:02,670 [Worker-9: Download sources and javadoc] INFO  o.e.m.c.i.e.AbstractTransferListenerAdapter - Downloading https://repo.maven.apache.org/maven2/org/seleniumhq/selenium/selenium-java/4.31.0/selenium-java-4.31.0-sources.jar
2025-04-09 14:34:02,851 [Worker-9: Download sources and javadoc] INFO  o.e.m.c.i.e.AbstractTransferListenerAdapter - Downloaded https://repo.maven.apache.org/maven2/org/seleniumhq/selenium/selenium-java/4.31.0/selenium-java-4.31.0-sources.jar
2025-04-09 14:34:02,926 [Worker-9: Download sources and javadoc] INFO  o.e.m.j.internal.DownloadSourcesJob - Downloaded sources for org.seleniumhq.selenium:selenium-java:4.31.0
2025-04-09 14:34:03,062 [Worker-17: Building] INFO  o.a.m.s.f.DefaultMavenResourcesFiltering - skip non existing resourceDirectory C:\Automation\GTMTMAutomation\TestSuite\src\main\resources
2025-04-09 14:34:03,067 [Worker-17: Building] INFO  o.a.m.s.f.DefaultMavenResourcesFiltering - skip non existing resourceDirectory C:\Automation\GTMTMAutomation\TestSuite\src\test\resources
2025-04-09 14:34:03,167 [Worker-9: Download sources and javadoc] INFO  o.e.m.c.i.e.AbstractTransferListenerAdapter - Downloading https://repo.maven.apache.org/maven2/org/seleniumhq/selenium/selenium-api/4.31.0/selenium-api-4.31.0-sources.jar
2025-04-09 14:34:06,134 [Worker-9: Download sources and javadoc] INFO  o.e.m.c.i.e.AbstractTransferListenerAdapter - Downloaded https://repo.maven.apache.org/maven2/org/seleniumhq/selenium/selenium-api/4.31.0/selenium-api-4.31.0-sources.jar
2025-04-09 14:34:06,146 [Worker-9: Download sources and javadoc] INFO  o.e.m.j.internal.DownloadSourcesJob - Downloaded sources for org.seleniumhq.selenium:selenium-api:4.31.0
2025-04-09 14:34:06,202 [Worker-9: Download sources and javadoc] INFO  o.e.m.c.i.e.AbstractTransferListenerAdapter - Downloading https://repo.maven.apache.org/maven2/org/jspecify/jspecify/1.0.0/jspecify-1.0.0-sources.jar
2025-04-09 14:34:06,285 [Worker-9: Download sources and javadoc] INFO  o.e.m.c.i.e.AbstractTransferListenerAdapter - Downloaded https://repo.maven.apache.org/maven2/org/jspecify/jspecify/1.0.0/jspecify-1.0.0-sources.jar
2025-04-09 14:34:06,293 [Worker-9: Download sources and javadoc] INFO  o.e.m.j.internal.DownloadSourcesJob - Downloaded sources for org.jspecify:jspecify:1.0.0
2025-04-09 14:34:06,395 [Worker-9: Download sources and javadoc] INFO  o.e.m.c.i.e.AbstractTransferListenerAdapter - Downloading https://repo.maven.apache.org/maven2/org/seleniumhq/selenium/selenium-chrome-driver/4.31.0/selenium-chrome-driver-4.31.0-sources.jar
2025-04-09 14:34:06,501 [Worker-9: Download sources and javadoc] INFO  o.e.m.c.i.e.AbstractTransferListenerAdapter - Downloaded https://repo.maven.apache.org/maven2/org/seleniumhq/selenium/selenium-chrome-driver/4.31.0/selenium-chrome-driver-4.31.0-sources.jar
2025-04-09 14:34:06,518 [Worker-9: Download sources and javadoc] INFO  o.e.m.j.internal.DownloadSourcesJob - Downloaded sources for org.seleniumhq.selenium:selenium-chrome-driver:4.31.0
2025-04-09 14:34:06,577 [Worker-9: Download sources and javadoc] INFO  o.e.m.c.i.e.AbstractTransferListenerAdapter - Downloading https://repo.maven.apache.org/maven2/org/seleniumhq/selenium/selenium-chromium-driver/4.31.0/selenium-chromium-driver-4.31.0-sources.jar
2025-04-09 14:34:06,790 [Worker-9: Download sources and javadoc] INFO  o.e.m.c.i.e.AbstractTransferListenerAdapter - Downloaded https://repo.maven.apache.org/maven2/org/seleniumhq/selenium/selenium-chromium-driver/4.31.0/selenium-chromium-driver-4.31.0-sources.jar
2025-04-09 14:34:06,798 [Worker-9: Download sources and javadoc] INFO  o.e.m.j.internal.DownloadSourcesJob - Downloaded sources for org.seleniumhq.selenium:selenium-chromium-driver:4.31.0
2025-04-09 14:34:06,942 [Worker-9: Download sources and javadoc] INFO  o.e.m.c.i.e.AbstractTransferListenerAdapter - Downloading https://repo.maven.apache.org/maven2/org/seleniumhq/selenium/selenium-json/4.31.0/selenium-json-4.31.0-sources.jar
2025-04-09 14:34:07,176 [Worker-9: Download sources and javadoc] INFO  o.e.m.c.i.e.AbstractTransferListenerAdapter - Downloaded https://repo.maven.apache.org/maven2/org/seleniumhq/selenium/selenium-json/4.31.0/selenium-json-4.31.0-sources.jar
2025-04-09 14:34:07,183 [Worker-9: Download sources and javadoc] INFO  o.e.m.j.internal.DownloadSourcesJob - Downloaded sources for org.seleniumhq.selenium:selenium-json:4.31.0
2025-04-09 14:34:07,230 [Worker-9: Download sources and javadoc] INFO  o.e.m.c.i.e.AbstractTransferListenerAdapter - Downloading https://repo.maven.apache.org/maven2/org/seleniumhq/selenium/selenium-manager/4.31.0/selenium-manager-4.31.0-sources.jar
2025-04-09 14:34:07,266 [Worker-9: Download sources and javadoc] INFO  o.e.m.c.i.e.AbstractTransferListenerAdapter - Downloaded https://repo.maven.apache.org/maven2/org/seleniumhq/selenium/selenium-manager/4.31.0/selenium-manager-4.31.0-sources.jar
2025-04-09 14:34:07,274 [Worker-9: Download sources and javadoc] INFO  o.e.m.j.internal.DownloadSourcesJob - Downloaded sources for org.seleniumhq.selenium:selenium-manager:4.31.0
2025-04-09 14:34:07,321 [Worker-9: Download sources and javadoc] INFO  o.e.m.c.i.e.AbstractTransferListenerAdapter - Downloading https://repo.maven.apache.org/maven2/org/seleniumhq/selenium/selenium-devtools-v133/4.31.0/selenium-devtools-v133-4.31.0-sources.jar
2025-04-09 14:34:18,321 [Worker-9: Download sources and javadoc] INFO  o.e.m.c.i.e.AbstractTransferListenerAdapter - Downloaded https://repo.maven.apache.org/maven2/org/seleniumhq/selenium/selenium-devtools-v133/4.31.0/selenium-devtools-v133-4.31.0-sources.jar
2025-04-09 14:34:18,330 [Worker-9: Download sources and javadoc] INFO  o.e.m.j.internal.DownloadSourcesJob - Downloaded sources for org.seleniumhq.selenium:selenium-devtools-v133:4.31.0
2025-04-09 14:34:18,448 [Worker-9: Download sources and javadoc] INFO  o.e.m.c.i.e.AbstractTransferListenerAdapter - Downloading https://repo.maven.apache.org/maven2/org/seleniumhq/selenium/selenium-devtools-v134/4.31.0/selenium-devtools-v134-4.31.0-sources.jar
2025-04-09 14:34:28,900 [Worker-9: Download sources and javadoc] INFO  o.e.m.c.i.e.AbstractTransferListenerAdapter - Downloaded https://repo.maven.apache.org/maven2/org/seleniumhq/selenium/selenium-devtools-v134/4.31.0/selenium-devtools-v134-4.31.0-sources.jar
2025-04-09 14:34:28,911 [Worker-9: Download sources and javadoc] INFO  o.e.m.j.internal.DownloadSourcesJob - Downloaded sources for org.seleniumhq.selenium:selenium-devtools-v134:4.31.0
2025-04-09 14:34:28,983 [Worker-9: Download sources and javadoc] INFO  o.e.m.c.i.e.AbstractTransferListenerAdapter - Downloading https://repo.maven.apache.org/maven2/org/seleniumhq/selenium/selenium-devtools-v135/4.31.0/selenium-devtools-v135-4.31.0-sources.jar
2025-04-09 14:34:43,159 [Worker-9: Download sources and javadoc] INFO  o.e.m.c.i.e.AbstractTransferListenerAdapter - Downloaded https://repo.maven.apache.org/maven2/org/seleniumhq/selenium/selenium-devtools-v135/4.31.0/selenium-devtools-v135-4.31.0-sources.jar
2025-04-09 14:34:43,173 [Worker-9: Download sources and javadoc] INFO  o.e.m.j.internal.DownloadSourcesJob - Downloaded sources for org.seleniumhq.selenium:selenium-devtools-v135:4.31.0
2025-04-09 14:34:43,253 [Worker-9: Download sources and javadoc] INFO  o.e.m.c.i.e.AbstractTransferListenerAdapter - Downloading https://repo.maven.apache.org/maven2/org/seleniumhq/selenium/selenium-edge-driver/4.31.0/selenium-edge-driver-4.31.0-sources.jar
2025-04-09 14:34:43,345 [Worker-9: Download sources and javadoc] INFO  o.e.m.c.i.e.AbstractTransferListenerAdapter - Downloaded https://repo.maven.apache.org/maven2/org/seleniumhq/selenium/selenium-edge-driver/4.31.0/selenium-edge-driver-4.31.0-sources.jar
2025-04-09 14:34:43,359 [Worker-9: Download sources and javadoc] INFO  o.e.m.j.internal.DownloadSourcesJob - Downloaded sources for org.seleniumhq.selenium:selenium-edge-driver:4.31.0
2025-04-09 14:34:43,428 [Worker-9: Download sources and javadoc] INFO  o.e.m.c.i.e.AbstractTransferListenerAdapter - Downloading https://repo.maven.apache.org/maven2/org/seleniumhq/selenium/selenium-firefox-driver/4.31.0/selenium-firefox-driver-4.31.0-sources.jar
2025-04-09 14:34:43,676 [Worker-9: Download sources and javadoc] INFO  o.e.m.c.i.e.AbstractTransferListenerAdapter - Downloaded https://repo.maven.apache.org/maven2/org/seleniumhq/selenium/selenium-firefox-driver/4.31.0/selenium-firefox-driver-4.31.0-sources.jar
2025-04-09 14:34:43,690 [Worker-9: Download sources and javadoc] INFO  o.e.m.j.internal.DownloadSourcesJob - Downloaded sources for org.seleniumhq.selenium:selenium-firefox-driver:4.31.0
2025-04-09 14:34:43,755 [Worker-9: Download sources and javadoc] INFO  o.e.m.c.i.e.AbstractTransferListenerAdapter - Downloading https://repo.maven.apache.org/maven2/org/seleniumhq/selenium/selenium-http/4.31.0/selenium-http-4.31.0-sources.jar
2025-04-09 14:34:44,056 [Worker-9: Download sources and javadoc] INFO  o.e.m.c.i.e.AbstractTransferListenerAdapter - Downloaded https://repo.maven.apache.org/maven2/org/seleniumhq/selenium/selenium-http/4.31.0/selenium-http-4.31.0-sources.jar
2025-04-09 14:34:44,070 [Worker-9: Download sources and javadoc] INFO  o.e.m.j.internal.DownloadSourcesJob - Downloaded sources for org.seleniumhq.selenium:selenium-http:4.31.0
2025-04-09 14:34:44,146 [Worker-9: Download sources and javadoc] INFO  o.e.m.c.i.e.AbstractTransferListenerAdapter - Downloading https://repo.maven.apache.org/maven2/org/seleniumhq/selenium/selenium-ie-driver/4.31.0/selenium-ie-driver-4.31.0-sources.jar
2025-04-09 14:34:44,230 [Worker-9: Download sources and javadoc] INFO  o.e.m.c.i.e.AbstractTransferListenerAdapter - Downloaded https://repo.maven.apache.org/maven2/org/seleniumhq/selenium/selenium-ie-driver/4.31.0/selenium-ie-driver-4.31.0-sources.jar
2025-04-09 14:34:44,244 [Worker-9: Download sources and javadoc] INFO  o.e.m.j.internal.DownloadSourcesJob - Downloaded sources for org.seleniumhq.selenium:selenium-ie-driver:4.31.0
2025-04-09 14:34:44,313 [Worker-9: Download sources and javadoc] INFO  o.e.m.c.i.e.AbstractTransferListenerAdapter - Downloading https://repo.maven.apache.org/maven2/org/seleniumhq/selenium/selenium-remote-driver/4.31.0/selenium-remote-driver-4.31.0-sources.jar
2025-04-09 14:34:46,770 [Worker-9: Download sources and javadoc] INFO  o.e.m.c.i.e.AbstractTransferListenerAdapter - Downloaded https://repo.maven.apache.org/maven2/org/seleniumhq/selenium/selenium-remote-driver/4.31.0/selenium-remote-driver-4.31.0-sources.jar
2025-04-09 14:34:46,783 [Worker-9: Download sources and javadoc] INFO  o.e.m.j.internal.DownloadSourcesJob - Downloaded sources for org.seleniumhq.selenium:selenium-remote-driver:4.31.0
2025-04-09 14:34:46,849 [Worker-9: Download sources and javadoc] INFO  o.e.m.c.i.e.AbstractTransferListenerAdapter - Downloading https://repo.maven.apache.org/maven2/com/google/guava/guava/33.4.6-jre/guava-33.4.6-jre-sources.jar
2025-04-09 14:34:54,273 [Worker-9: Download sources and javadoc] INFO  o.e.m.c.i.e.AbstractTransferListenerAdapter - Downloaded https://repo.maven.apache.org/maven2/com/google/guava/guava/33.4.6-jre/guava-33.4.6-jre-sources.jar
2025-04-09 14:34:54,285 [Worker-9: Download sources and javadoc] INFO  o.e.m.j.internal.DownloadSourcesJob - Downloaded sources for com.google.guava:guava:33.4.6-jre
2025-04-09 14:34:54,342 [Worker-9: Download sources and javadoc] INFO  o.e.m.c.i.e.AbstractTransferListenerAdapter - Downloading https://repo.maven.apache.org/maven2/com/google/guava/failureaccess/1.0.3/failureaccess-1.0.3-sources.jar
2025-04-09 14:34:54,426 [Worker-9: Download sources and javadoc] INFO  o.e.m.c.i.e.AbstractTransferListenerAdapter - Downloaded https://repo.maven.apache.org/maven2/com/google/guava/failureaccess/1.0.3/failureaccess-1.0.3-sources.jar
2025-04-09 14:34:54,437 [Worker-9: Download sources and javadoc] INFO  o.e.m.j.internal.DownloadSourcesJob - Downloaded sources for com.google.guava:failureaccess:1.0.3
2025-04-09 14:34:54,488 [Worker-9: Download sources and javadoc] INFO  o.e.m.c.i.e.AbstractTransferListenerAdapter - Downloading https://repo.maven.apache.org/maven2/com/google/errorprone/error_prone_annotations/2.36.0/error_prone_annotations-2.36.0-sources.jar
2025-04-09 14:34:54,837 [Worker-9: Download sources and javadoc] INFO  o.e.m.c.i.e.AbstractTransferListenerAdapter - Downloaded https://repo.maven.apache.org/maven2/com/google/errorprone/error_prone_annotations/2.36.0/error_prone_annotations-2.36.0-sources.jar
2025-04-09 14:34:54,849 [Worker-9: Download sources and javadoc] INFO  o.e.m.j.internal.DownloadSourcesJob - Downloaded sources for com.google.errorprone:error_prone_annotations:2.36.0
2025-04-09 14:34:55,008 [Worker-9: Download sources and javadoc] INFO  o.e.m.c.i.e.AbstractTransferListenerAdapter - Downloading https://repo.maven.apache.org/maven2/io/opentelemetry/opentelemetry-api/1.48.0/opentelemetry-api-1.48.0-sources.jar
2025-04-09 14:34:56,652 [Worker-9: Download sources and javadoc] INFO  o.e.m.c.i.e.AbstractTransferListenerAdapter - Downloaded https://repo.maven.apache.org/maven2/io/opentelemetry/opentelemetry-api/1.48.0/opentelemetry-api-1.48.0-sources.jar
2025-04-09 14:34:56,664 [Worker-9: Download sources and javadoc] INFO  o.e.m.j.internal.DownloadSourcesJob - Downloaded sources for io.opentelemetry:opentelemetry-api:1.48.0
2025-04-09 14:34:56,723 [Worker-9: Download sources and javadoc] INFO  o.e.m.c.i.e.AbstractTransferListenerAdapter - Downloading https://repo.maven.apache.org/maven2/io/opentelemetry/opentelemetry-context/1.48.0/opentelemetry-context-1.48.0-sources.jar
2025-04-09 14:34:57,089 [Worker-9: Download sources and javadoc] INFO  o.e.m.c.i.e.AbstractTransferListenerAdapter - Downloaded https://repo.maven.apache.org/maven2/io/opentelemetry/opentelemetry-context/1.48.0/opentelemetry-context-1.48.0-sources.jar
2025-04-09 14:34:57,102 [Worker-9: Download sources and javadoc] INFO  o.e.m.j.internal.DownloadSourcesJob - Downloaded sources for io.opentelemetry:opentelemetry-context:1.48.0
2025-04-09 14:34:57,157 [Worker-9: Download sources and javadoc] INFO  o.e.m.c.i.e.AbstractTransferListenerAdapter - Downloading https://repo.maven.apache.org/maven2/io/opentelemetry/opentelemetry-exporter-logging/1.48.0/opentelemetry-exporter-logging-1.48.0-sources.jar
2025-04-09 14:34:57,344 [Worker-9: Download sources and javadoc] INFO  o.e.m.c.i.e.AbstractTransferListenerAdapter - Downloaded https://repo.maven.apache.org/maven2/io/opentelemetry/opentelemetry-exporter-logging/1.48.0/opentelemetry-exporter-logging-1.48.0-sources.jar
2025-04-09 14:34:57,359 [Worker-9: Download sources and javadoc] INFO  o.e.m.j.internal.DownloadSourcesJob - Downloaded sources for io.opentelemetry:opentelemetry-exporter-logging:1.48.0
2025-04-09 14:34:57,418 [Worker-9: Download sources and javadoc] INFO  o.e.m.c.i.e.AbstractTransferListenerAdapter - Downloading https://repo.maven.apache.org/maven2/io/opentelemetry/opentelemetry-sdk-common/1.48.0/opentelemetry-sdk-common-1.48.0-sources.jar
2025-04-09 14:34:57,876 [Worker-9: Download sources and javadoc] INFO  o.e.m.c.i.e.AbstractTransferListenerAdapter - Downloaded https://repo.maven.apache.org/maven2/io/opentelemetry/opentelemetry-sdk-common/1.48.0/opentelemetry-sdk-common-1.48.0-sources.jar
2025-04-09 14:34:57,891 [Worker-9: Download sources and javadoc] INFO  o.e.m.j.internal.DownloadSourcesJob - Downloaded sources for io.opentelemetry:opentelemetry-sdk-common:1.48.0
2025-04-09 14:34:57,974 [Worker-9: Download sources and javadoc] INFO  o.e.m.c.i.e.AbstractTransferListenerAdapter - Downloading https://repo.maven.apache.org/maven2/io/opentelemetry/opentelemetry-sdk-extension-autoconfigure-spi/1.48.0/opentelemetry-sdk-extension-autoconfigure-spi-1.48.0-sources.jar
2025-04-09 14:34:58,247 [Worker-9: Download sources and javadoc] INFO  o.e.m.c.i.e.AbstractTransferListenerAdapter - Downloaded https://repo.maven.apache.org/maven2/io/opentelemetry/opentelemetry-sdk-extension-autoconfigure-spi/1.48.0/opentelemetry-sdk-extension-autoconfigure-spi-1.48.0-sources.jar
2025-04-09 14:34:58,260 [Worker-9: Download sources and javadoc] INFO  o.e.m.j.internal.DownloadSourcesJob - Downloaded sources for io.opentelemetry:opentelemetry-sdk-extension-autoconfigure-spi:1.48.0
2025-04-09 14:34:58,301 [Worker-9: Download sources and javadoc] INFO  o.e.m.c.i.e.AbstractTransferListenerAdapter - Downloading https://repo.maven.apache.org/maven2/io/opentelemetry/opentelemetry-sdk-extension-autoconfigure/1.48.0/opentelemetry-sdk-extension-autoconfigure-1.48.0-sources.jar
2025-04-09 14:34:58,542 [Worker-9: Download sources and javadoc] INFO  o.e.m.c.i.e.AbstractTransferListenerAdapter - Downloaded https://repo.maven.apache.org/maven2/io/opentelemetry/opentelemetry-sdk-extension-autoconfigure/1.48.0/opentelemetry-sdk-extension-autoconfigure-1.48.0-sources.jar
2025-04-09 14:34:58,556 [Worker-9: Download sources and javadoc] INFO  o.e.m.j.internal.DownloadSourcesJob - Downloaded sources for io.opentelemetry:opentelemetry-sdk-extension-autoconfigure:1.48.0
2025-04-09 14:34:58,611 [Worker-9: Download sources and javadoc] INFO  o.e.m.c.i.e.AbstractTransferListenerAdapter - Downloading https://repo.maven.apache.org/maven2/io/opentelemetry/opentelemetry-sdk-trace/1.48.0/opentelemetry-sdk-trace-1.48.0-sources.jar
2025-04-09 14:34:59,220 [Worker-9: Download sources and javadoc] INFO  o.e.m.c.i.e.AbstractTransferListenerAdapter - Downloaded https://repo.maven.apache.org/maven2/io/opentelemetry/opentelemetry-sdk-trace/1.48.0/opentelemetry-sdk-trace-1.48.0-sources.jar
2025-04-09 14:34:59,232 [Worker-9: Download sources and javadoc] INFO  o.e.m.j.internal.DownloadSourcesJob - Downloaded sources for io.opentelemetry:opentelemetry-sdk-trace:1.48.0
2025-04-09 14:34:59,304 [Worker-9: Download sources and javadoc] INFO  o.e.m.c.i.e.AbstractTransferListenerAdapter - Downloading https://repo.maven.apache.org/maven2/io/opentelemetry/opentelemetry-sdk/1.48.0/opentelemetry-sdk-1.48.0-sources.jar
2025-04-09 14:34:59,354 [Worker-9: Download sources and javadoc] INFO  o.e.m.c.i.e.AbstractTransferListenerAdapter - Downloaded https://repo.maven.apache.org/maven2/io/opentelemetry/opentelemetry-sdk/1.48.0/opentelemetry-sdk-1.48.0-sources.jar
2025-04-09 14:34:59,365 [Worker-9: Download sources and javadoc] INFO  o.e.m.j.internal.DownloadSourcesJob - Downloaded sources for io.opentelemetry:opentelemetry-sdk:1.48.0
2025-04-09 14:34:59,446 [Worker-9: Download sources and javadoc] INFO  o.e.m.c.i.e.AbstractTransferListenerAdapter - Downloading https://repo.maven.apache.org/maven2/io/opentelemetry/opentelemetry-sdk-metrics/1.48.0/opentelemetry-sdk-metrics-1.48.0-sources.jar
2025-04-09 14:35:01,160 [Worker-9: Download sources and javadoc] INFO  o.e.m.c.i.e.AbstractTransferListenerAdapter - Downloaded https://repo.maven.apache.org/maven2/io/opentelemetry/opentelemetry-sdk-metrics/1.48.0/opentelemetry-sdk-metrics-1.48.0-sources.jar
2025-04-09 14:35:01,172 [Worker-9: Download sources and javadoc] INFO  o.e.m.j.internal.DownloadSourcesJob - Downloaded sources for io.opentelemetry:opentelemetry-sdk-metrics:1.48.0
2025-04-09 14:35:01,236 [Worker-9: Download sources and javadoc] INFO  o.e.m.c.i.e.AbstractTransferListenerAdapter - Downloading https://repo.maven.apache.org/maven2/io/opentelemetry/opentelemetry-sdk-logs/1.48.0/opentelemetry-sdk-logs-1.48.0-sources.jar
2025-04-09 14:35:01,601 [Worker-9: Download sources and javadoc] INFO  o.e.m.c.i.e.AbstractTransferListenerAdapter - Downloaded https://repo.maven.apache.org/maven2/io/opentelemetry/opentelemetry-sdk-logs/1.48.0/opentelemetry-sdk-logs-1.48.0-sources.jar
2025-04-09 14:35:01,614 [Worker-9: Download sources and javadoc] INFO  o.e.m.j.internal.DownloadSourcesJob - Downloaded sources for io.opentelemetry:opentelemetry-sdk-logs:1.48.0
2025-04-09 14:35:01,703 [Worker-9: Download sources and javadoc] INFO  o.e.m.c.i.e.AbstractTransferListenerAdapter - Downloading https://repo.maven.apache.org/maven2/net/bytebuddy/byte-buddy/1.17.5/byte-buddy-1.17.5-sources.jar
2025-04-09 14:35:06,363 [Worker-9: Download sources and javadoc] INFO  o.e.m.c.i.e.AbstractTransferListenerAdapter - Downloaded https://repo.maven.apache.org/maven2/net/bytebuddy/byte-buddy/1.17.5/byte-buddy-1.17.5-sources.jar
2025-04-09 14:35:06,386 [Worker-9: Download sources and javadoc] INFO  o.e.m.j.internal.DownloadSourcesJob - Downloaded sources for net.bytebuddy:byte-buddy:1.17.5
2025-04-09 14:35:06,439 [Worker-9: Download sources and javadoc] INFO  o.e.m.c.i.e.AbstractTransferListenerAdapter - Downloading https://repo.maven.apache.org/maven2/org/seleniumhq/selenium/selenium-os/4.31.0/selenium-os-4.31.0-sources.jar
2025-04-09 14:35:06,569 [Worker-9: Download sources and javadoc] INFO  o.e.m.c.i.e.AbstractTransferListenerAdapter - Downloaded https://repo.maven.apache.org/maven2/org/seleniumhq/selenium/selenium-os/4.31.0/selenium-os-4.31.0-sources.jar
2025-04-09 14:35:06,583 [Worker-9: Download sources and javadoc] INFO  o.e.m.j.internal.DownloadSourcesJob - Downloaded sources for org.seleniumhq.selenium:selenium-os:4.31.0
2025-04-09 14:35:06,630 [Worker-9: Download sources and javadoc] INFO  o.e.m.c.i.e.AbstractTransferListenerAdapter - Downloading https://repo.maven.apache.org/maven2/org/seleniumhq/selenium/selenium-safari-driver/4.31.0/selenium-safari-driver-4.31.0-sources.jar
2025-04-09 14:35:06,766 [Worker-9: Download sources and javadoc] INFO  o.e.m.c.i.e.AbstractTransferListenerAdapter - Downloaded https://repo.maven.apache.org/maven2/org/seleniumhq/selenium/selenium-safari-driver/4.31.0/selenium-safari-driver-4.31.0-sources.jar
2025-04-09 14:35:06,778 [Worker-9: Download sources and javadoc] INFO  o.e.m.j.internal.DownloadSourcesJob - Downloaded sources for org.seleniumhq.selenium:selenium-safari-driver:4.31.0
2025-04-09 14:35:06,828 [Worker-9: Download sources and javadoc] INFO  o.e.m.c.i.e.AbstractTransferListenerAdapter - Downloading https://repo.maven.apache.org/maven2/org/seleniumhq/selenium/selenium-support/4.31.0/selenium-support-4.31.0-sources.jar
2025-04-09 14:35:07,284 [Worker-9: Download sources and javadoc] INFO  o.e.m.c.i.e.AbstractTransferListenerAdapter - Downloaded https://repo.maven.apache.org/maven2/org/seleniumhq/selenium/selenium-support/4.31.0/selenium-support-4.31.0-sources.jar
2025-04-09 14:35:07,297 [Worker-9: Download sources and javadoc] INFO  o.e.m.j.internal.DownloadSourcesJob - Downloaded sources for org.seleniumhq.selenium:selenium-support:4.31.0
2025-04-09 14:35:07,346 [Worker-9: Download sources and javadoc] INFO  o.e.m.c.i.e.AbstractTransferListenerAdapter - Downloading https://repo.maven.apache.org/maven2/org/testng/testng/7.11.0/testng-7.11.0-sources.jar
2025-04-09 14:35:12,181 [Worker-9: Download sources and javadoc] INFO  o.e.m.c.i.e.AbstractTransferListenerAdapter - Downloaded https://repo.maven.apache.org/maven2/org/testng/testng/7.11.0/testng-7.11.0-sources.jar
2025-04-09 14:35:12,195 [Worker-9: Download sources and javadoc] INFO  o.e.m.j.internal.DownloadSourcesJob - Downloaded sources for org.testng:testng:7.11.0
2025-04-09 14:35:12,277 [Worker-9: Download sources and javadoc] INFO  o.e.m.c.i.e.AbstractTransferListenerAdapter - Downloading https://repo.maven.apache.org/maven2/org/jcommander/jcommander/1.83/jcommander-1.83-sources.jar
2025-04-09 14:35:13,023 [Worker-9: Download sources and javadoc] INFO  o.e.m.c.i.e.AbstractTransferListenerAdapter - Downloaded https://repo.maven.apache.org/maven2/org/jcommander/jcommander/1.83/jcommander-1.83-sources.jar
2025-04-09 14:35:13,035 [Worker-9: Download sources and javadoc] INFO  o.e.m.j.internal.DownloadSourcesJob - Downloaded sources for org.jcommander:jcommander:1.83
2025-04-09 14:42:25,962 [Worker-15: Building] INFO  o.a.m.s.f.DefaultMavenResourcesFiltering - skip non existing resourceDirectory C:\Automation\GTMTMAutomation\TestSuite\src\main\resources
2025-04-09 14:42:25,967 [Worker-15: Building] INFO  o.a.m.s.f.DefaultMavenResourcesFiltering - skip non existing resourceDirectory C:\Automation\GTMTMAutomation\TestSuite\src\test\resources
2025-04-09 22:13:01,549 [Worker-9: Loading available Gradle versions] INFO  o.e.b.c.i.u.g.PublishedGradleVersions - Gradle version information cache is up-to-date. Trying to read.
2025-04-09 22:13:14,272 [Worker-2: Building] INFO  o.e.m.c.i.l.LifecycleMappingFactory - Using org.eclipse.m2e.jdt.JarLifecycleMapping lifecycle mapping for MavenProject: GTMTM:TestSuite:0.0.1-SNAPSHOT @ C:\Automation\GTMTMAutomation\TestSuite\pom.xml.
2025-04-09 22:13:20,109 [Worker-2: Building] INFO  o.a.m.s.f.DefaultMavenResourcesFiltering - Copying 0 resource from src\main\resources to target\classes
2025-04-09 22:13:20,115 [Worker-2: Building] INFO  o.a.m.s.f.DefaultMavenResourcesFiltering - skip non existing resourceDirectory C:\Automation\GTMTMAutomation\TestSuite\src\test\resources
2025-04-09 22:13:21,473 [Worker-8: Download sources and javadoc] INFO  o.e.m.c.i.e.AbstractTransferListenerAdapter - Downloading https://repo.maven.apache.org/maven2/com/fasterxml/jackson/core/jackson-annotations/2.15.2/jackson-annotations-2.15.2-sources.jar
2025-04-09 22:13:22,922 [Worker-2: Building] INFO  o.a.m.s.f.DefaultMavenResourcesFiltering - Copying 1 resource from src\main\resources to target\classes
2025-04-09 22:13:22,951 [Worker-2: Building] INFO  o.a.m.s.f.DefaultMavenResourcesFiltering - skip non existing resourceDirectory C:\Automation\GTMTMAutomation\TestSuite\src\test\resources
2025-04-09 22:13:26,782 [Worker-8: Download sources and javadoc] INFO  o.e.m.c.i.e.AbstractTransferListenerAdapter - Downloaded https://repo.maven.apache.org/maven2/com/fasterxml/jackson/core/jackson-annotations/2.15.2/jackson-annotations-2.15.2-sources.jar
2025-04-09 22:13:26,809 [Worker-8: Download sources and javadoc] INFO  o.e.m.j.internal.DownloadSourcesJob - Downloaded sources for com.fasterxml.jackson.core:jackson-annotations:2.15.2
2025-04-09 22:13:26,866 [Worker-8: Download sources and javadoc] INFO  o.e.m.c.i.e.AbstractTransferListenerAdapter - Downloading https://repo.maven.apache.org/maven2/org/apache/logging/log4j/log4j-core/2.20.0/log4j-core-2.20.0-sources.jar
2025-04-09 22:13:44,349 [Worker-8: Download sources and javadoc] INFO  o.e.m.c.i.e.AbstractTransferListenerAdapter - Downloaded https://repo.maven.apache.org/maven2/org/apache/logging/log4j/log4j-core/2.20.0/log4j-core-2.20.0-sources.jar
2025-04-09 22:13:44,370 [Worker-8: Download sources and javadoc] INFO  o.e.m.j.internal.DownloadSourcesJob - Downloaded sources for org.apache.logging.log4j:log4j-core:2.20.0
2025-04-09 22:13:55,208 [Worker-11: Updating Maven Dependencies] INFO  o.e.m.c.i.l.LifecycleMappingFactory - Using org.eclipse.m2e.jdt.JarLifecycleMapping lifecycle mapping for MavenProject: Automation:GLOCR3:0.0.1-SNAPSHOT @ C:\Automation\GLOCR3.1-master (1).zip_expanded\GLOCR3.1-master\pom.xml.
2025-04-09 22:13:55,209 [Worker-14: Building] INFO  o.e.m.c.i.l.LifecycleMappingFactory - Using org.eclipse.m2e.jdt.JarLifecycleMapping lifecycle mapping for MavenProject: Automation:GLOCR3:0.0.1-SNAPSHOT @ C:\Automation\GLOCR3.1-master (1).zip_expanded\GLOCR3.1-master\pom.xml.
2025-04-09 22:14:49,951 [Worker-14: Building] INFO  o.a.m.s.f.DefaultMavenResourcesFiltering - skip non existing resourceDirectory C:\Automation\GLOCR3.1-master (1).zip_expanded\GLOCR3.1-master\src\main\resources
2025-04-09 22:14:49,958 [Worker-14: Building] INFO  o.a.m.s.f.DefaultMavenResourcesFiltering - skip non existing resourceDirectory C:\Automation\GLOCR3.1-master (1).zip_expanded\GLOCR3.1-master\src\test\resources
2025-04-09 22:14:52,171 [Worker-12: Building] INFO  o.a.m.s.f.DefaultMavenResourcesFiltering - skip non existing resourceDirectory C:\Automation\GLOCR3.1-master (1).zip_expanded\GLOCR3.1-master\src\main\resources
2025-04-09 22:14:52,176 [Worker-12: Building] INFO  o.a.m.s.f.DefaultMavenResourcesFiltering - skip non existing resourceDirectory C:\Automation\GLOCR3.1-master (1).zip_expanded\GLOCR3.1-master\src\test\resources
2025-04-09 22:14:52,343 [Worker-3: Updating Maven Dependencies] INFO  o.e.m.c.i.l.LifecycleMappingFactory - Using org.eclipse.m2e.jdt.JarLifecycleMapping lifecycle mapping for MavenProject: Automation:GLOCR3:0.0.1-SNAPSHOT @ C:\Automation\GLOCR3.1-master (1).zip_expanded\GLOCR3.1-master\pom.xml.
